SF:lib/core/database/database.g.dart
DA:10,16
DA:13,32
DA:14,16
DA:19,16
DA:22,32
DA:23,16
DA:27,32
DA:28,16
DA:32,32
DA:33,16
DA:40,32
DA:41,16
DA:45,32
DA:46,16
DA:53,32
DA:54,16
DA:58,16
DA:60,128
DA:61,16
DA:62,32
DA:63,16
DA:66,15
DA:69,15
DA:70,15
DA:71,15
DA:72,20
DA:74,15
DA:75,15
DA:76,45
DA:78,0
DA:80,15
DA:81,15
DA:82,45
DA:84,0
DA:86,15
DA:87,1
DA:88,3
DA:90,15
DA:91,15
DA:93,30
DA:94,15
DA:96,0
DA:98,15
DA:99,2
DA:100,6
DA:102,15
DA:103,0
DA:104,0
DA:109,16
DA:110,16
DA:111,15
DA:113,0
DA:114,15
DA:115,30
DA:116,45
DA:117,30
DA:118,45
DA:119,30
DA:120,45
DA:121,30
DA:122,45
DA:123,30
DA:124,45
DA:125,30
DA:126,45
DA:127,30
DA:128,45
DA:132,0
DA:134,0
DA:146,16
DA:154,0
DA:156,0
DA:157,0
DA:158,0
DA:159,0
DA:160,0
DA:161,0
DA:162,0
DA:163,0
DA:167,0
DA:168,0
DA:169,0
DA:170,0
DA:171,0
DA:172,0
DA:173,0
DA:174,0
DA:175,0
DA:179,0
DA:181,0
DA:182,0
DA:183,0
DA:184,0
DA:185,0
DA:186,0
DA:187,0
DA:188,0
DA:189,0
DA:192,0
DA:194,0
DA:195,0
DA:196,0
DA:197,0
DA:198,0
DA:199,0
DA:200,0
DA:201,0
DA:202,0
DA:206,0
DA:214,0
DA:215,0
DA:216,0
DA:217,0
DA:218,0
DA:219,0
DA:220,0
DA:221,0
DA:223,0
DA:224,0
DA:225,0
DA:226,0
DA:227,0
DA:228,0
DA:230,0
DA:231,0
DA:232,0
DA:236,0
DA:238,0
DA:239,0
DA:240,0
DA:241,0
DA:242,0
DA:243,0
DA:244,0
DA:245,0
DA:246,0
DA:247,0
DA:250,0
DA:252,0
DA:253,0
DA:256,0
DA:257,0
DA:258,0
DA:259,0
DA:260,0
DA:261,0
DA:262,0
DA:263,0
DA:274,0
DA:283,15
DA:291,15
DA:292,15
DA:293,15
DA:294,0
DA:303,0
DA:304,0
DA:305,0
DA:306,0
DA:307,0
DA:308,0
DA:309,0
DA:310,0
DA:314,0
DA:322,0
DA:323,0
DA:324,0
DA:325,0
DA:326,0
DA:327,0
DA:328,0
DA:329,0
DA:333,15
DA:335,15
DA:336,30
DA:337,20
DA:339,30
DA:340,60
DA:342,30
DA:343,60
DA:345,30
DA:346,4
DA:348,30
DA:349,60
DA:351,30
DA:352,8
DA:354,30
DA:355,0
DA:360,0
DA:362,0
DA:363,0
DA:364,0
DA:365,0
DA:366,0
DA:367,0
DA:368,0
DA:369,0
DA:370,0
DA:371,0
DA:380,16
DA:383,32
DA:384,16
DA:389,16
DA:392,32
DA:393,16
DA:398,32
DA:399,16
DA:405,32
DA:406,16
DA:413,32
DA:414,16
DA:420,32
DA:421,16
DA:427,32
DA:428,16
DA:434,32
DA:435,16
DA:441,32
DA:442,16
DA:447,32
DA:448,16
DA:452,32
DA:453,16
DA:457,32
DA:458,16
DA:463,32
DA:464,16
DA:469,32
DA:470,16
DA:473,16
DA:478,32
DA:479,16
DA:484,32
DA:485,16
DA:490,32
DA:491,16
DA:496,32
DA:497,16
DA:504,32
DA:505,16
DA:512,32
DA:513,16
DA:520,32
DA:521,16
DA:528,32
DA:529,16
DA:535,32
DA:536,16
DA:543,32
DA:544,16
DA:550,32
DA:551,16
DA:558,32
DA:559,16
DA:566,32
DA:567,16
DA:571,16
DA:572,16
DA:573,16
DA:574,16
DA:575,16
DA:576,16
DA:577,16
DA:578,16
DA:579,16
DA:580,16
DA:581,16
DA:582,16
DA:583,16
DA:584,16
DA:585,16
DA:586,16
DA:587,16
DA:588,16
DA:589,16
DA:590,16
DA:591,16
DA:592,16
DA:593,16
DA:594,16
DA:595,16
DA:596,16
DA:597,16
DA:598,16
DA:599,16
DA:601,16
DA:602,32
DA:603,16
DA:606,16
DA:609,16
DA:610,16
DA:611,16
DA:612,8
DA:614,16
DA:615,16
DA:616,48
DA:618,0
DA:620,16
DA:621,8
DA:622,24
DA:624,16
DA:625,4
DA:626,12
DA:628,16
DA:629,3
DA:631,6
DA:632,3
DA:634,16
DA:635,3
DA:636,9
DA:638,16
DA:639,3
DA:640,9
DA:642,16
DA:643,3
DA:644,9
DA:646,16
DA:647,16
DA:648,48
DA:650,0
DA:652,16
DA:653,16
DA:654,48
DA:656,0
DA:658,16
DA:659,16
DA:660,48
DA:662,0
DA:664,16
DA:665,16
DA:666,48
DA:668,0
DA:670,16
DA:671,16
DA:672,48
DA:674,0
DA:676,16
DA:677,15
DA:678,45
DA:680,16
DA:681,2
DA:683,4
DA:684,2
DA:686,16
DA:687,1
DA:689,2
DA:690,1
DA:692,16
DA:693,1
DA:694,3
DA:696,16
DA:697,0
DA:698,0
DA:700,16
DA:701,2
DA:702,6
DA:704,16
DA:705,1
DA:706,3
DA:708,16
DA:709,1
DA:711,2
DA:712,1
DA:714,16
DA:715,1
DA:717,2
DA:718,1
DA:720,16
DA:721,1
DA:722,3
DA:724,16
DA:725,1
DA:726,3
DA:728,16
DA:729,1
DA:730,3
DA:732,16
DA:733,1
DA:735,2
DA:736,1
DA:738,16
DA:739,1
DA:740,3
DA:745,16
DA:746,16
DA:747,14
DA:749,0
DA:750,14
DA:751,28
DA:752,42
DA:753,28
DA:754,42
DA:755,28
DA:756,42
DA:757,28
DA:758,42
DA:759,28
DA:760,42
DA:761,28
DA:762,42
DA:763,28
DA:764,42
DA:765,28
DA:766,42
DA:767,28
DA:768,42
DA:769,28
DA:770,42
DA:771,28
DA:772,42
DA:773,28
DA:774,42
DA:775,28
DA:776,42
DA:777,28
DA:778,42
DA:779,42
DA:780,28
DA:781,28
DA:782,42
DA:783,28
DA:784,42
DA:785,28
DA:786,42
DA:787,28
DA:788,42
DA:789,28
DA:790,42
DA:791,28
DA:792,42
DA:793,28
DA:794,42
DA:795,28
DA:796,42
DA:797,28
DA:798,42
DA:799,28
DA:800,42
DA:801,28
DA:802,42
DA:803,28
DA:804,42
DA:808,14
DA:810,28
DA:842,17
DA:870,0
DA:872,0
DA:873,0
DA:874,0
DA:875,0
DA:876,0
DA:877,0
DA:878,0
DA:879,0
DA:880,0
DA:881,0
DA:882,0
DA:883,0
DA:884,0
DA:885,0
DA:886,0
DA:887,0
DA:889,0
DA:890,0
DA:892,0
DA:893,0
DA:895,0
DA:896,0
DA:898,0
DA:899,0
DA:900,0
DA:901,0
DA:902,0
DA:903,0
DA:904,0
DA:905,0
DA:906,0
DA:907,0
DA:911,0
DA:912,0
DA:913,0
DA:914,0
DA:915,0
DA:916,0
DA:917,0
DA:918,0
DA:919,0
DA:920,0
DA:921,0
DA:922,0
DA:923,0
DA:924,0
DA:925,0
DA:926,0
DA:928,0
DA:929,0
DA:931,0
DA:932,0
DA:934,0
DA:935,0
DA:937,0
DA:938,0
DA:939,0
DA:940,0
DA:941,0
DA:942,0
DA:943,0
DA:944,0
DA:945,0
DA:946,0
DA:947,0
DA:951,0
DA:953,0
DA:954,0
DA:955,0
DA:956,0
DA:957,0
DA:958,0
DA:959,0
DA:960,0
DA:961,0
DA:962,0
DA:963,0
DA:964,0
DA:965,0
DA:966,0
DA:967,0
DA:968,0
DA:969,0
DA:970,0
DA:971,0
DA:972,0
DA:973,0
DA:974,0
DA:975,0
DA:976,0
DA:977,0
DA:978,0
DA:979,0
DA:980,0
DA:981,0
DA:984,0
DA:986,0
DA:987,0
DA:988,0
DA:989,0
DA:990,0
DA:991,0
DA:992,0
DA:993,0
DA:994,0
DA:995,0
DA:996,0
DA:997,0
DA:998,0
DA:999,0
DA:1000,0
DA:1001,0
DA:1002,0
DA:1003,0
DA:1004,0
DA:1005,0
DA:1006,0
DA:1007,0
DA:1008,0
DA:1009,0
DA:1010,0
DA:1011,0
DA:1012,0
DA:1013,0
DA:1014,0
DA:1018,0
DA:1046,0
DA:1047,0
DA:1048,0
DA:1049,0
DA:1050,0
DA:1051,0
DA:1052,0
DA:1053,0
DA:1054,0
DA:1055,0
DA:1056,0
DA:1057,0
DA:1058,0
DA:1059,0
DA:1060,0
DA:1061,0
DA:1062,0
DA:1063,0
DA:1064,0
DA:1065,0
DA:1066,0
DA:1067,0
DA:1068,0
DA:1069,0
DA:1070,0
DA:1071,0
DA:1072,0
DA:1073,0
DA:1074,0
DA:1075,0
DA:1077,0
DA:1078,0
DA:1079,0
DA:1080,0
DA:1081,0
DA:1082,0
DA:1084,0
DA:1085,0
DA:1086,0
DA:1087,0
DA:1088,0
DA:1089,0
DA:1090,0
DA:1091,0
DA:1092,0
DA:1093,0
DA:1094,0
DA:1095,0
DA:1096,0
DA:1098,0
DA:1099,0
DA:1100,0
DA:1101,0
DA:1102,0
DA:1103,0
DA:1104,0
DA:1105,0
DA:1106,0
DA:1107,0
DA:1108,0
DA:1109,0
DA:1110,0
DA:1111,0
DA:1113,0
DA:1114,0
DA:1118,0
DA:1120,0
DA:1121,0
DA:1122,0
DA:1123,0
DA:1124,0
DA:1125,0
DA:1126,0
DA:1127,0
DA:1128,0
DA:1129,0
DA:1130,0
DA:1131,0
DA:1132,0
DA:1133,0
DA:1134,0
DA:1135,0
DA:1136,0
DA:1137,0
DA:1138,0
DA:1139,0
DA:1140,0
DA:1141,0
DA:1142,0
DA:1143,0
DA:1144,0
DA:1145,0
DA:1146,0
DA:1147,0
DA:1148,0
DA:1149,0
DA:1152,0
DA:1153,0
DA:1154,0
DA:1155,0
DA:1156,0
DA:1157,0
DA:1158,0
DA:1159,0
DA:1160,0
DA:1161,0
DA:1162,0
DA:1163,0
DA:1164,0
DA:1165,0
DA:1166,0
DA:1167,0
DA:1168,0
DA:1169,0
DA:1170,0
DA:1171,0
DA:1172,0
DA:1173,0
DA:1174,0
DA:1175,0
DA:1176,0
DA:1177,0
DA:1178,0
DA:1179,0
DA:1180,0
DA:1182,0
DA:1185,0
DA:1186,0
DA:1187,0
DA:1188,0
DA:1189,0
DA:1190,0
DA:1191,0
DA:1192,0
DA:1193,0
DA:1194,0
DA:1195,0
DA:1196,0
DA:1197,0
DA:1198,0
DA:1199,0
DA:1200,0
DA:1201,0
DA:1202,0
DA:1203,0
DA:1204,0
DA:1205,0
DA:1206,0
DA:1207,0
DA:1208,0
DA:1209,0
DA:1210,0
DA:1211,0
DA:1212,0
DA:1243,5
DA:1272,8
DA:1300,8
DA:1301,8
DA:1302,8
DA:1303,8
DA:1304,8
DA:1305,8
DA:1306,0
DA:1335,0
DA:1336,0
DA:1337,0
DA:1338,0
DA:1339,0
DA:1340,0
DA:1341,0
DA:1342,0
DA:1343,0
DA:1344,0
DA:1345,0
DA:1346,0
DA:1347,0
DA:1348,0
DA:1349,0
DA:1350,0
DA:1351,0
DA:1352,0
DA:1353,0
DA:1354,0
DA:1355,0
DA:1356,0
DA:1357,0
DA:1358,0
DA:1359,0
DA:1360,0
DA:1361,0
DA:1362,0
DA:1366,0
DA:1394,0
DA:1395,0
DA:1396,0
DA:1397,0
DA:1398,0
DA:1399,0
DA:1400,0
DA:1401,0
DA:1402,0
DA:1403,0
DA:1404,0
DA:1405,0
DA:1406,0
DA:1407,0
DA:1408,0
DA:1409,0
DA:1410,0
DA:1411,0
DA:1412,0
DA:1413,0
DA:1414,0
DA:1415,0
DA:1416,0
DA:1417,0
DA:1418,0
DA:1419,0
DA:1420,0
DA:1421,0
DA:1425,16
DA:1427,16
DA:1428,32
DA:1429,8
DA:1431,32
DA:1432,64
DA:1434,32
DA:1435,32
DA:1437,32
DA:1438,16
DA:1440,32
DA:1441,12
DA:1443,32
DA:1444,12
DA:1446,32
DA:1447,12
DA:1449,32
DA:1450,12
DA:1452,32
DA:1453,64
DA:1455,32
DA:1456,64
DA:1458,32
DA:1459,64
DA:1461,32
DA:1462,64
DA:1464,32
DA:1465,64
DA:1467,32
DA:1468,60
DA:1470,32
DA:1471,8
DA:1473,32
DA:1474,4
DA:1476,32
DA:1477,4
DA:1479,32
DA:1480,0
DA:1482,32
DA:1483,8
DA:1485,32
DA:1486,4
DA:1488,32
DA:1489,4
DA:1491,32
DA:1492,4
DA:1494,32
DA:1495,4
DA:1497,32
DA:1498,4
DA:1500,32
DA:1501,4
DA:1503,32
DA:1504,4
DA:1506,32
DA:1507,4
DA:1512,0
DA:1514,0
DA:1515,0
DA:1516,0
DA:1517,0
DA:1518,0
DA:1519,0
DA:1520,0
DA:1521,0
DA:1522,0
DA:1523,0
DA:1524,0
DA:1525,0
DA:1526,0
DA:1527,0
DA:1528,0
DA:1529,0
DA:1530,0
DA:1531,0
DA:1532,0
DA:1533,0
DA:1534,0
DA:1535,0
DA:1536,0
DA:1537,0
DA:1538,0
DA:1539,0
DA:1540,0
DA:1541,0
DA:1542,0
DA:1543,0
DA:1552,16
DA:1555,32
DA:1556,16
DA:1561,16
DA:1563,16
DA:1564,32
DA:1566,32
DA:1570,32
DA:1571,16
DA:1574,16
DA:1579,32
DA:1580,16
DA:1583,16
DA:1588,32
DA:1589,16
DA:1594,32
DA:1595,16
DA:1599,16
DA:1601,112
DA:1602,16
DA:1603,32
DA:1604,16
DA:1607,6
DA:1610,6
DA:1611,6
DA:1612,6
DA:1613,0
DA:1615,6
DA:1616,6
DA:1617,18
DA:1619,6
DA:1620,6
DA:1622,12
DA:1623,6
DA:1625,6
DA:1626,6
DA:1627,18
DA:1629,0
DA:1631,6
DA:1632,0
DA:1633,0
DA:1638,16
DA:1639,16
DA:1640,5
DA:1642,0
DA:1643,5
DA:1644,10
DA:1645,15
DA:1646,15
DA:1647,5
DA:1648,15
DA:1649,10
DA:1650,15
DA:1651,10
DA:1652,15
DA:1653,10
DA:1654,15
DA:1655,10
DA:1656,15
DA:1660,0
DA:1662,0
DA:1665,32
DA:1676,6
DA:1683,0
DA:1685,0
DA:1686,0
DA:1688,0
DA:1689,0
DA:1691,0
DA:1692,0
DA:1694,0
DA:1695,0
DA:1697,0
DA:1698,0
DA:1702,0
DA:1703,0
DA:1704,0
DA:1705,0
DA:1706,0
DA:1708,0
DA:1709,0
DA:1711,0
DA:1712,0
DA:1713,0
DA:1717,0
DA:1719,0
DA:1720,0
DA:1721,0
DA:1722,0
DA:1723,0
DA:1724,0
DA:1725,0
DA:1726,0
DA:1727,0
DA:1730,0
DA:1732,0
DA:1733,0
DA:1734,0
DA:1736,0
DA:1737,0
DA:1738,0
DA:1739,0
DA:1740,0
DA:1744,0
DA:1751,0
DA:1752,0
DA:1753,0
DA:1754,0
DA:1755,0
DA:1756,0
DA:1757,0
DA:1759,0
DA:1760,0
DA:1761,0
DA:1762,0
DA:1763,0
DA:1765,0
DA:1766,0
DA:1767,0
DA:1771,0
DA:1773,0
DA:1774,0
DA:1775,0
DA:1776,0
DA:1777,0
DA:1778,0
DA:1779,0
DA:1780,0
DA:1781,0
DA:1784,0
DA:1786,0
DA:1787,0
DA:1790,0
DA:1791,0
DA:1792,0
DA:1793,0
DA:1794,0
DA:1795,0
DA:1796,0
DA:1806,6
DA:1814,0
DA:1821,0
DA:1822,0
DA:1823,0
DA:1831,0
DA:1832,0
DA:1833,0
DA:1834,0
DA:1835,0
DA:1836,0
DA:1837,0
DA:1841,0
DA:1848,0
DA:1849,0
DA:1850,0
DA:1851,0
DA:1852,0
DA:1853,0
DA:1854,0
DA:1858,6
DA:1860,6
DA:1861,12
DA:1862,0
DA:1864,12
DA:1865,6
DA:1866,30
DA:1868,12
DA:1869,24
DA:1871,12
DA:1872,24
DA:1874,12
DA:1875,24
DA:1877,12
DA:1878,0
DA:1883,0
DA:1885,0
DA:1886,0
DA:1887,0
DA:1888,0
DA:1889,0
DA:1890,0
DA:1891,0
DA:1892,0
DA:1893,0
DA:1902,16
DA:1905,32
DA:1906,16
DA:1911,16
DA:1915,32
DA:1916,16
DA:1919,16
DA:1924,32
DA:1925,16
DA:1930,32
DA:1931,16
DA:1933,16
DA:1934,80
DA:1935,16
DA:1936,32
DA:1937,16
DA:1940,4
DA:1943,4
DA:1944,4
DA:1945,4
DA:1946,0
DA:1948,4
DA:1949,4
DA:1951,8
DA:1952,4
DA:1954,0
DA:1956,4
DA:1957,4
DA:1958,12
DA:1960,0
DA:1962,4
DA:1963,4
DA:1964,12
DA:1966,0
DA:1971,16
DA:1972,16
DA:1973,2
DA:1975,0
DA:1976,2
DA:1977,4
DA:1978,6
DA:1979,4
DA:1980,6
DA:1981,4
DA:1982,6
DA:1983,4
DA:1984,6
DA:1988,0
DA:1990,0
DA:1999,3
DA:2004,0
DA:2006,0
DA:2007,0
DA:2008,0
DA:2009,0
DA:2010,0
DA:2014,0
DA:2015,0
DA:2016,0
DA:2017,0
DA:2018,0
DA:2019,0
DA:2023,0
DA:2025,0
DA:2026,0
DA:2027,0
DA:2028,0
DA:2029,0
DA:2030,0
DA:2033,0
DA:2035,0
DA:2036,0
DA:2037,0
DA:2038,0
DA:2039,0
DA:2040,0
DA:2044,0
DA:2046,0
DA:2047,0
DA:2048,0
DA:2049,0
DA:2050,0
DA:2052,0
DA:2053,0
DA:2054,0
DA:2056,0
DA:2057,0
DA:2058,0
DA:2062,0
DA:2064,0
DA:2065,0
DA:2066,0
DA:2067,0
DA:2068,0
DA:2069,0
DA:2070,0
DA:2073,0
DA:2074,0
DA:2075,0
DA:2078,0
DA:2079,0
DA:2080,0
DA:2081,0
DA:2082,0
DA:2090,4
DA:2096,0
DA:2101,0
DA:2102,0
DA:2103,0
DA:2104,0
DA:2110,0
DA:2111,0
DA:2112,0
DA:2113,0
DA:2114,0
DA:2118,0
DA:2123,0
DA:2124,0
DA:2125,0
DA:2126,0
DA:2127,0
DA:2131,4
DA:2133,4
DA:2134,8
DA:2135,0
DA:2137,8
DA:2138,16
DA:2140,8
DA:2141,16
DA:2143,8
DA:2144,16
DA:2149,0
DA:2151,0
DA:2152,0
DA:2153,0
DA:2154,0
DA:2155,0
DA:2156,0
DA:2157,0
DA:2166,16
DA:2169,32
DA:2170,16
DA:2175,16
DA:2179,32
DA:2180,16
DA:2183,16
DA:2187,32
DA:2188,16
DA:2193,32
DA:2194,16
DA:2198,32
DA:2199,16
DA:2204,32
DA:2205,16
DA:2207,16
DA:2209,112
DA:2210,16
DA:2211,32
DA:2212,16
DA:2215,3
DA:2218,3
DA:2219,3
DA:2220,3
DA:2221,0
DA:2223,3
DA:2224,3
DA:2225,9
DA:2227,0
DA:2229,3
DA:2230,3
DA:2231,9
DA:2233,0
DA:2235,3
DA:2236,3
DA:2238,6
DA:2239,3
DA:2241,0
DA:2243,3
DA:2244,3
DA:2245,9
DA:2247,0
DA:2249,3
DA:2250,2
DA:2252,4
DA:2253,2
DA:2258,16
DA:2259,16
DA:2260,3
DA:2262,0
DA:2263,3
DA:2264,6
DA:2265,9
DA:2266,6
DA:2267,9
DA:2268,6
DA:2269,9
DA:2270,6
DA:2271,9
DA:2272,6
DA:2273,9
DA:2274,6
DA:2275,9
DA:2279,0
DA:2281,0
DA:2292,4
DA:2299,0
DA:2301,0
DA:2302,0
DA:2303,0
DA:2304,0
DA:2305,0
DA:2306,0
DA:2307,0
DA:2308,0
DA:2313,0
DA:2314,0
DA:2315,0
DA:2316,0
DA:2317,0
DA:2318,0
DA:2319,0
DA:2320,0
DA:2322,0
DA:2326,0
DA:2328,0
DA:2329,0
DA:2330,0
DA:2331,0
DA:2332,0
DA:2333,0
DA:2334,0
DA:2335,0
DA:2338,0
DA:2340,0
DA:2341,0
DA:2342,0
DA:2343,0
DA:2344,0
DA:2345,0
DA:2346,0
DA:2347,0
DA:2351,0
DA:2358,0
DA:2359,0
DA:2360,0
DA:2361,0
DA:2362,0
DA:2363,0
DA:2364,0
DA:2366,0
DA:2367,0
DA:2368,0
DA:2369,0
DA:2370,0
DA:2372,0
DA:2373,0
DA:2375,0
DA:2379,0
DA:2381,0
DA:2382,0
DA:2383,0
DA:2384,0
DA:2385,0
DA:2386,0
DA:2387,0
DA:2388,0
DA:2389,0
DA:2392,0
DA:2394,0
DA:2395,0
DA:2398,0
DA:2399,0
DA:2400,0
DA:2401,0
DA:2402,0
DA:2403,0
DA:2404,0
DA:2414,0
DA:2422,3
DA:2429,3
DA:2430,3
DA:2431,3
DA:2432,3
DA:2433,0
DA:2441,0
DA:2442,0
DA:2443,0
DA:2444,0
DA:2445,0
DA:2446,0
DA:2447,0
DA:2451,0
DA:2458,0
DA:2459,0
DA:2460,0
DA:2461,0
DA:2462,0
DA:2463,0
DA:2464,0
DA:2468,3
DA:2470,3
DA:2471,6
DA:2472,0
DA:2474,6
DA:2475,12
DA:2477,6
DA:2478,12
DA:2480,6
DA:2481,12
DA:2483,6
DA:2484,12
DA:2486,6
DA:2487,8
DA:2492,0
DA:2494,0
DA:2495,0
DA:2496,0
DA:2497,0
DA:2498,0
DA:2499,0
DA:2500,0
DA:2501,0
DA:2502,0
DA:2511,16
DA:2514,32
DA:2515,16
DA:2520,16
DA:2524,32
DA:2525,16
DA:2528,16
DA:2532,32
DA:2533,16
DA:2538,32
DA:2539,16
DA:2543,32
DA:2544,16
DA:2546,16
DA:2548,96
DA:2549,16
DA:2550,32
DA:2551,16
DA:2554,1
DA:2558,1
DA:2559,1
DA:2560,1
DA:2561,0
DA:2563,1
DA:2564,1
DA:2566,2
DA:2567,1
DA:2569,0
DA:2571,1
DA:2572,1
DA:2573,3
DA:2575,0
DA:2577,1
DA:2578,1
DA:2580,2
DA:2581,1
DA:2583,0
DA:2585,1
DA:2586,1
DA:2587,3
DA:2589,0
DA:2594,16
DA:2595,16
DA:2596,1
DA:2598,0
DA:2599,1
DA:2600,2
DA:2601,3
DA:2602,2
DA:2603,3
DA:2604,2
DA:2605,3
DA:2606,2
DA:2607,3
DA:2608,2
DA:2609,3
DA:2613,0
DA:2615,0
DA:2626,1
DA:2632,0
DA:2634,0
DA:2635,0
DA:2636,0
DA:2637,0
DA:2638,0
DA:2639,0
DA:2643,0
DA:2644,0
DA:2645,0
DA:2646,0
DA:2647,0
DA:2648,0
DA:2649,0
DA:2653,0
DA:2655,0
DA:2656,0
DA:2657,0
DA:2658,0
DA:2659,0
DA:2660,0
DA:2661,0
DA:2664,0
DA:2666,0
DA:2667,0
DA:2668,0
DA:2669,0
DA:2670,0
DA:2671,0
DA:2672,0
DA:2676,0
DA:2682,0
DA:2683,0
DA:2684,0
DA:2685,0
DA:2686,0
DA:2687,0
DA:2689,0
DA:2690,0
DA:2691,0
DA:2693,0
DA:2694,0
DA:2696,0
DA:2697,0
DA:2701,0
DA:2703,0
DA:2704,0
DA:2705,0
DA:2706,0
DA:2707,0
DA:2708,0
DA:2709,0
DA:2710,0
DA:2713,0
DA:2714,0
DA:2715,0
DA:2718,0
DA:2719,0
DA:2720,0
DA:2721,0
DA:2722,0
DA:2723,0
DA:2732,0
DA:2739,1
DA:2745,1
DA:2746,1
DA:2747,1
DA:2748,1
DA:2749,0
DA:2756,0
DA:2757,0
DA:2758,0
DA:2759,0
DA:2760,0
DA:2761,0
DA:2765,0
DA:2771,0
DA:2772,0
DA:2773,0
DA:2774,0
DA:2775,0
DA:2776,0
DA:2780,1
DA:2782,1
DA:2783,2
DA:2784,0
DA:2786,2
DA:2787,4
DA:2789,2
DA:2790,4
DA:2792,2
DA:2793,4
DA:2795,2
DA:2796,4
DA:2801,0
DA:2803,0
DA:2804,0
DA:2805,0
DA:2806,0
DA:2807,0
DA:2808,0
DA:2809,0
DA:2810,0
DA:2818,16
DA:2821,32
DA:2822,16
DA:2827,16
DA:2831,32
DA:2832,16
DA:2835,16
DA:2840,32
DA:2841,16
DA:2844,16
DA:2848,32
DA:2849,16
DA:2853,32
DA:2854,16
DA:2858,32
DA:2859,16
DA:2864,32
DA:2865,16
DA:2869,32
DA:2870,16
DA:2875,32
DA:2876,16
DA:2880,16
DA:2881,16
DA:2882,16
DA:2883,16
DA:2884,16
DA:2885,16
DA:2886,16
DA:2887,16
DA:2888,16
DA:2889,16
DA:2890,16
DA:2892,16
DA:2893,32
DA:2894,16
DA:2897,1
DA:2900,1
DA:2901,1
DA:2902,1
DA:2903,0
DA:2905,1
DA:2906,1
DA:2907,3
DA:2909,0
DA:2911,1
DA:2912,1
DA:2914,2
DA:2915,1
DA:2917,1
DA:2918,1
DA:2919,3
DA:2921,1
DA:2922,1
DA:2923,3
DA:2925,0
DA:2927,1
DA:2928,1
DA:2929,3
DA:2931,0
DA:2933,1
DA:2934,1
DA:2936,2
DA:2937,1
DA:2939,0
DA:2941,1
DA:2942,0
DA:2943,0
DA:2945,1
DA:2946,0
DA:2948,0
DA:2949,0
DA:2954,16
DA:2955,16
DA:2956,1
DA:2958,0
DA:2959,1
DA:2960,2
DA:2961,3
DA:2962,2
DA:2963,3
DA:2964,2
DA:2965,3
DA:2966,2
DA:2967,3
DA:2968,2
DA:2969,3
DA:2970,2
DA:2971,3
DA:2972,2
DA:2973,3
DA:2974,2
DA:2975,3
DA:2976,3
DA:2977,2
DA:2981,0
DA:2983,0
DA:2997,1
DA:3007,0
DA:3009,0
DA:3010,0
DA:3011,0
DA:3012,0
DA:3013,0
DA:3015,0
DA:3016,0
DA:3018,0
DA:3019,0
DA:3020,0
DA:3021,0
DA:3022,0
DA:3024,0
DA:3028,0
DA:3029,0
DA:3030,0
DA:3031,0
DA:3032,0
DA:3034,0
DA:3036,0
DA:3037,0
DA:3038,0
DA:3039,0
DA:3041,0
DA:3042,0
DA:3046,0
DA:3048,0
DA:3049,0
DA:3050,0
DA:3051,0
DA:3052,0
DA:3053,0
DA:3054,0
DA:3055,0
DA:3056,0
DA:3057,0
DA:3058,0
DA:3061,0
DA:3063,0
DA:3064,0
DA:3065,0
DA:3066,0
DA:3067,0
DA:3068,0
DA:3069,0
DA:3070,0
DA:3071,0
DA:3072,0
DA:3073,0
DA:3077,0
DA:3087,0
DA:3088,0
DA:3089,0
DA:3090,0
DA:3091,0
DA:3092,0
DA:3093,0
DA:3094,0
DA:3095,0
DA:3096,0
DA:3098,0
DA:3099,0
DA:3100,0
DA:3101,0
DA:3103,0
DA:3104,0
DA:3105,0
DA:3106,0
DA:3108,0
DA:3109,0
DA:3110,0
DA:3111,0
DA:3112,0
DA:3116,0
DA:3118,0
DA:3119,0
DA:3120,0
DA:3121,0
DA:3122,0
DA:3123,0
DA:3124,0
DA:3125,0
DA:3126,0
DA:3127,0
DA:3128,0
DA:3129,0
DA:3132,0
DA:3133,0
DA:3134,0
DA:3135,0
DA:3138,0
DA:3139,0
DA:3140,0
DA:3141,0
DA:3142,0
DA:3143,0
DA:3144,0
DA:3145,0
DA:3146,0
DA:3147,0
DA:3160,0
DA:3171,1
DA:3181,1
DA:3182,1
DA:3183,1
DA:3184,1
DA:3185,0
DA:3196,0
DA:3197,0
DA:3198,0
DA:3199,0
DA:3200,0
DA:3201,0
DA:3202,0
DA:3203,0
DA:3204,0
DA:3205,0
DA:3209,0
DA:3219,0
DA:3220,0
DA:3221,0
DA:3222,0
DA:3223,0
DA:3224,0
DA:3225,0
DA:3226,0
DA:3227,0
DA:3228,0
DA:3232,1
DA:3234,1
DA:3235,2
DA:3236,0
DA:3238,2
DA:3239,4
DA:3241,2
DA:3242,4
DA:3244,2
DA:3245,4
DA:3247,2
DA:3248,4
DA:3250,2
DA:3251,4
DA:3253,2
DA:3254,4
DA:3256,2
DA:3257,0
DA:3259,2
DA:3260,0
DA:3265,0
DA:3267,0
DA:3268,0
DA:3269,0
DA:3270,0
DA:3271,0
DA:3272,0
DA:3273,0
DA:3274,0
DA:3275,0
DA:3276,0
DA:3277,0
DA:3278,0
DA:3287,16
DA:3290,32
DA:3291,16
DA:3296,16
DA:3299,32
DA:3300,16
DA:3304,32
DA:3305,16
DA:3310,32
DA:3311,16
DA:3316,32
DA:3317,16
DA:3321,32
DA:3322,16
DA:3324,16
DA:3326,112
DA:3327,16
DA:3328,32
DA:3329,16
DA:3332,2
DA:3335,2
DA:3336,2
DA:3337,2
DA:3338,0
DA:3340,2
DA:3341,2
DA:3342,6
DA:3344,0
DA:3346,2
DA:3347,2
DA:3348,6
DA:3350,0
DA:3352,2
DA:3353,2
DA:3355,4
DA:3356,2
DA:3358,0
DA:3360,2
DA:3361,0
DA:3362,0
DA:3364,2
DA:3365,0
DA:3366,0
DA:3371,16
DA:3372,16
DA:3373,1
DA:3375,0
DA:3376,1
DA:3377,2
DA:3378,3
DA:3379,2
DA:3380,3
DA:3381,2
DA:3382,3
DA:3383,2
DA:3384,3
DA:3385,2
DA:3386,3
DA:3387,2
DA:3388,3
DA:3392,0
DA:3394,0
DA:3405,1
DA:3412,0
DA:3414,0
DA:3415,0
DA:3416,0
DA:3417,0
DA:3418,0
DA:3419,0
DA:3420,0
DA:3422,0
DA:3423,0
DA:3428,0
DA:3429,0
DA:3430,0
DA:3431,0
DA:3432,0
DA:3433,0
DA:3434,0
DA:3436,0
DA:3438,0
DA:3442,0
DA:3444,0
DA:3445,0
DA:3446,0
DA:3447,0
DA:3448,0
DA:3449,0
DA:3450,0
DA:3451,0
DA:3454,0
DA:3456,0
DA:3457,0
DA:3458,0
DA:3459,0
DA:3460,0
DA:3461,0
DA:3462,0
DA:3463,0
DA:3467,0
DA:3474,0
DA:3475,0
DA:3476,0
DA:3477,0
DA:3478,0
DA:3479,0
DA:3480,0
DA:3482,0
DA:3483,0
DA:3484,0
DA:3485,0
DA:3486,0
DA:3488,0
DA:3489,0
DA:3490,0
DA:3494,0
DA:3496,0
DA:3497,0
DA:3498,0
DA:3499,0
DA:3500,0
DA:3501,0
DA:3502,0
DA:3503,0
DA:3504,0
DA:3507,0
DA:3509,0
DA:3510,0
DA:3513,0
DA:3514,0
DA:3515,0
DA:3516,0
DA:3517,0
DA:3518,0
DA:3519,0
DA:3529,1
DA:3537,0
DA:3544,0
DA:3545,0
DA:3546,0
DA:3547,0
DA:3555,0
DA:3556,0
DA:3557,0
DA:3558,0
DA:3559,0
DA:3560,0
DA:3561,0
DA:3565,0
DA:3572,0
DA:3573,0
DA:3574,0
DA:3575,0
DA:3576,0
DA:3577,0
DA:3578,0
DA:3582,2
DA:3584,2
DA:3585,4
DA:3586,0
DA:3588,4
DA:3589,8
DA:3591,4
DA:3592,8
DA:3594,4
DA:3595,8
DA:3597,4
DA:3598,0
DA:3600,4
DA:3601,0
DA:3606,0
DA:3608,0
DA:3609,0
DA:3610,0
DA:3611,0
DA:3612,0
DA:3613,0
DA:3614,0
DA:3615,0
DA:3616,0
DA:3621,32
DA:3622,0
DA:3623,32
DA:3624,32
DA:3625,32
DA:3626,32
DA:3627,32
DA:3628,16
DA:3629,16
DA:3630,32
DA:3631,32
DA:3632,22
DA:3633,0
DA:3635,0
DA:3636,16
DA:3637,16
DA:3638,16
DA:3639,16
DA:3640,16
DA:3641,16
DA:3642,16
DA:3643,16
DA:3644,16
DA:3645,16
DA:3647,16
DA:3731,0
DA:3733,0
DA:3734,0
DA:3735,0
DA:3736,0
DA:3738,0
DA:3739,0
DA:3740,0
DA:3742,0
DA:3743,0
DA:3744,0
DA:3747,0
DA:3749,0
DA:3751,0
DA:3753,0
DA:3754,0
DA:3755,0
DA:3757,0
DA:3758,0
DA:3759,0
DA:3762,0
DA:3763,0
DA:3764,0
DA:3765,0
DA:3767,0
DA:3768,0
DA:3769,0
DA:3771,0
DA:3772,0
DA:3773,0
DA:3776,0
DA:3778,0
DA:3779,0
DA:3781,0
DA:3782,0
DA:3783,0
DA:3785,0
DA:3786,0
DA:3787,0
DA:3793,0
DA:3800,0
DA:3801,0
DA:3803,0
DA:3804,0
DA:3806,0
DA:3807,0
DA:3809,0
DA:3810,0
DA:3812,0
DA:3813,0
DA:3815,0
DA:3816,0
DA:3818,0
DA:3819,0
DA:3821,0
DA:3823,0
DA:3825,0
DA:3826,0
DA:3827,0
DA:3828,0
DA:3831,0
DA:3832,0
DA:3833,0
DA:3839,0
DA:3842,0
DA:3844,0
DA:3846,0
DA:3847,0
DA:3848,0
DA:3849,0
DA:3852,0
DA:3853,0
DA:3854,0
DA:3860,0
DA:3863,0
DA:3865,0
DA:3867,0
DA:3868,0
DA:3869,0
DA:3870,0
DA:3873,0
DA:3874,0
DA:3875,0
DA:3881,0
DA:3884,0
DA:3886,0
DA:3888,0
DA:3889,0
DA:3890,0
DA:3891,0
DA:3894,0
DA:3895,0
DA:3896,0
DA:3902,0
DA:3908,0
DA:3915,0
DA:3916,0
DA:3918,0
DA:3919,0
DA:3921,0
DA:3922,0
DA:3924,0
DA:3925,0
DA:3927,0
DA:3928,0
DA:3930,0
DA:3931,0
DA:3933,0
DA:3934,0
DA:3939,0
DA:3946,0
DA:3947,0
DA:3949,0
DA:3950,0
DA:3952,0
DA:3953,0
DA:3955,0
DA:3956,0
DA:3958,0
DA:3959,0
DA:3961,0
DA:3962,0
DA:3964,0
DA:3965,0
DA:3967,0
DA:3969,0
DA:3971,0
DA:3972,0
DA:3973,0
DA:3974,0
DA:3977,0
DA:3978,0
DA:3979,0
DA:3985,0
DA:3988,0
DA:3990,0
DA:3992,0
DA:3993,0
DA:3994,0
DA:3995,0
DA:3998,0
DA:3999,0
DA:4000,0
DA:4006,0
DA:4009,0
DA:4011,0
DA:4013,0
DA:4014,0
DA:4015,0
DA:4016,0
DA:4019,0
DA:4020,0
DA:4021,0
DA:4027,0
DA:4030,0
DA:4032,0
DA:4034,0
DA:4035,0
DA:4036,0
DA:4037,0
DA:4040,0
DA:4041,0
DA:4042,0
DA:4048,0
DA:4068,0
DA:4069,0
DA:4072,0
DA:4073,0
DA:4074,0
DA:4075,0
DA:4076,0
DA:4077,0
DA:4078,0
DA:4087,0
DA:4096,0
DA:4105,0
DA:4114,0
DA:4115,0
DA:4116,0
DA:4117,0
DA:4118,0
DA:4123,0
DA:4125,0
DA:4126,0
DA:4127,0
DA:4128,0
DA:4129,0
DA:4132,0
DA:4133,0
DA:4135,0
DA:4139,0
DA:4140,0
DA:4141,0
DA:4142,0
DA:4143,0
DA:4145,0
DA:4148,0
DA:4151,0
DA:4152,0
DA:4153,0
DA:4154,0
DA:4155,0
DA:4157,0
DA:4160,0
DA:4163,0
DA:4164,0
DA:4165,0
DA:4166,0
DA:4167,0
DA:4169,0
DA:4172,0
DA:4175,0
DA:4176,0
DA:4177,0
DA:4178,0
DA:4180,0
DA:4266,0
DA:4268,0
DA:4269,0
DA:4271,0
DA:4272,0
DA:4274,0
DA:4275,0
DA:4276,0
DA:4278,0
DA:4279,0
DA:4282,0
DA:4284,0
DA:4285,0
DA:4286,0
DA:4288,0
DA:4289,0
DA:4290,0
DA:4292,0
DA:4293,0
DA:4294,0
DA:4297,0
DA:4298,0
DA:4299,0
DA:4301,0
DA:4303,0
DA:4304,0
DA:4305,0
DA:4307,0
DA:4308,0
DA:4309,0
DA:4315,0
DA:4322,0
DA:4323,0
DA:4325,0
DA:4326,0
DA:4328,0
DA:4329,0
DA:4331,0
DA:4332,0
DA:4334,0
DA:4335,0
DA:4337,0
DA:4338,0
DA:4340,0
DA:4341,0
DA:4343,0
DA:4344,0
DA:4346,0
DA:4347,0
DA:4349,0
DA:4350,0
DA:4352,0
DA:4353,0
DA:4355,0
DA:4356,0
DA:4358,0
DA:4359,0
DA:4361,0
DA:4362,0
DA:4363,0
DA:4365,0
DA:4366,0
DA:4368,0
DA:4369,0
DA:4371,0
DA:4372,0
DA:4374,0
DA:4375,0
DA:4377,0
DA:4378,0
DA:4380,0
DA:4381,0
DA:4383,0
DA:4384,0
DA:4386,0
DA:4387,0
DA:4389,0
DA:4390,0
DA:4392,0
DA:4393,0
DA:4395,0
DA:4396,0
DA:4398,0
DA:4399,0
DA:4401,0
DA:4402,0
DA:4404,0
DA:4405,0
DA:4406,0
DA:4407,0
DA:4410,0
DA:4411,0
DA:4412,0
DA:4421,0
DA:4423,0
DA:4425,0
DA:4426,0
DA:4427,0
DA:4428,0
DA:4431,0
DA:4432,0
DA:4433,0
DA:4439,0
DA:4442,0
DA:4444,0
DA:4446,0
DA:4447,0
DA:4448,0
DA:4449,0
DA:4452,0
DA:4453,0
DA:4454,0
DA:4460,0
DA:4466,0
DA:4473,0
DA:4474,0
DA:4476,0
DA:4477,0
DA:4479,0
DA:4480,0
DA:4482,0
DA:4483,0
DA:4485,0
DA:4486,0
DA:4488,0
DA:4489,0
DA:4491,0
DA:4492,0
DA:4494,0
DA:4495,0
DA:4497,0
DA:4498,0
DA:4500,0
DA:4501,0
DA:4503,0
DA:4504,0
DA:4506,0
DA:4507,0
DA:4509,0
DA:4510,0
DA:4512,0
DA:4513,0
DA:4514,0
DA:4516,0
DA:4517,0
DA:4519,0
DA:4520,0
DA:4522,0
DA:4523,0
DA:4525,0
DA:4526,0
DA:4528,0
DA:4529,0
DA:4531,0
DA:4532,0
DA:4533,0
DA:4535,0
DA:4536,0
DA:4537,0
DA:4539,0
DA:4540,0
DA:4542,0
DA:4543,0
DA:4545,0
DA:4546,0
DA:4548,0
DA:4549,0
DA:4551,0
DA:4552,0
DA:4554,0
DA:4555,0
DA:4557,0
DA:4558,0
DA:4559,0
DA:4560,0
DA:4563,0
DA:4564,0
DA:4565,0
DA:4577,0
DA:4584,0
DA:4585,0
DA:4587,0
DA:4588,0
DA:4590,0
DA:4591,0
DA:4593,0
DA:4594,0
DA:4596,0
DA:4597,0
DA:4599,0
DA:4600,0
DA:4602,0
DA:4603,0
DA:4605,0
DA:4606,0
DA:4608,0
DA:4609,0
DA:4611,0
DA:4612,0
DA:4614,0
DA:4615,0
DA:4617,0
DA:4618,0
DA:4620,0
DA:4621,0
DA:4623,0
DA:4624,0
DA:4626,0
DA:4627,0
DA:4629,0
DA:4630,0
DA:4632,0
DA:4633,0
DA:4635,0
DA:4636,0
DA:4638,0
DA:4639,0
DA:4641,0
DA:4642,0
DA:4644,0
DA:4645,0
DA:4647,0
DA:4648,0
DA:4650,0
DA:4651,0
DA:4653,0
DA:4654,0
DA:4656,0
DA:4657,0
DA:4659,0
DA:4660,0
DA:4662,0
DA:4663,0
DA:4665,0
DA:4666,0
DA:4667,0
DA:4668,0
DA:4671,0
DA:4672,0
DA:4673,0
DA:4682,0
DA:4684,0
DA:4686,0
DA:4687,0
DA:4688,0
DA:4689,0
DA:4692,0
DA:4693,0
DA:4694,0
DA:4700,0
DA:4703,0
DA:4705,0
DA:4707,0
DA:4708,0
DA:4709,0
DA:4710,0
DA:4713,0
DA:4714,0
DA:4715,0
DA:4721,0
DA:4738,0
DA:4739,0
DA:4742,0
DA:4743,0
DA:4744,0
DA:4745,0
DA:4746,0
DA:4747,0
DA:4748,0
DA:4777,0
DA:4806,0
DA:4835,0
DA:4864,0
DA:4865,0
DA:4866,0
DA:4867,0
DA:4869,0
DA:4870,0
DA:4874,0
DA:4876,0
DA:4877,0
DA:4878,0
DA:4892,0
DA:4894,0
DA:4896,0
DA:4898,0
DA:4900,0
DA:4906,0
DA:4907,0
DA:4909,0
DA:4913,0
DA:4914,0
DA:4915,0
DA:4916,0
DA:4918,0
DA:4919,0
DA:4922,0
DA:4926,0
DA:4927,0
DA:4928,0
DA:4929,0
DA:4931,0
DA:4932,0
DA:4975,0
DA:4977,0
DA:4978,0
DA:4980,0
DA:4981,0
DA:4983,0
DA:4984,0
DA:4985,0
DA:4987,0
DA:4988,0
DA:4991,0
DA:4992,0
DA:4993,0
DA:4995,0
DA:4996,0
DA:4998,0
DA:4999,0
DA:5000,0
DA:5002,0
DA:5003,0
DA:5009,0
DA:5016,0
DA:5017,0
DA:5019,0
DA:5020,0
DA:5021,0
DA:5022,0
DA:5024,0
DA:5025,0
DA:5027,0
DA:5028,0
DA:5030,0
DA:5031,0
DA:5033,0
DA:5034,0
DA:5035,0
DA:5036,0
DA:5039,0
DA:5040,0
DA:5041,0
DA:5050,0
DA:5051,0
DA:5053,0
DA:5054,0
DA:5055,0
DA:5056,0
DA:5059,0
DA:5060,0
DA:5061,0
DA:5073,0
DA:5080,0
DA:5081,0
DA:5083,0
DA:5084,0
DA:5086,0
DA:5087,0
DA:5089,0
DA:5090,0
DA:5092,0
DA:5093,0
DA:5095,0
DA:5096,0
DA:5097,0
DA:5098,0
DA:5101,0
DA:5102,0
DA:5103,0
DA:5112,0
DA:5113,0
DA:5115,0
DA:5116,0
DA:5117,0
DA:5118,0
DA:5121,0
DA:5122,0
DA:5123,0
DA:5135,0
DA:5142,0
DA:5143,0
DA:5145,0
DA:5146,0
DA:5148,0
DA:5149,0
DA:5151,0
DA:5152,0
DA:5154,0
DA:5155,0
DA:5157,0
DA:5158,0
DA:5159,0
DA:5160,0
DA:5163,0
DA:5164,0
DA:5165,0
DA:5174,0
DA:5175,0
DA:5177,0
DA:5178,0
DA:5179,0
DA:5180,0
DA:5183,0
DA:5184,0
DA:5185,0
DA:5207,0
DA:5208,0
DA:5211,0
DA:5212,0
DA:5213,0
DA:5214,0
DA:5215,0
DA:5216,0
DA:5217,0
DA:5225,0
DA:5233,0
DA:5241,0
DA:5249,0
DA:5250,0
DA:5251,0
DA:5252,0
DA:5254,0
DA:5255,0
DA:5256,0
DA:5258,0
DA:5271,0
DA:5273,0
DA:5275,0
DA:5277,0
DA:5279,0
DA:5283,0
DA:5285,0
DA:5287,0
DA:5289,0
DA:5295,0
DA:5296,0
DA:5330,0
DA:5332,0
DA:5333,0
DA:5334,0
DA:5336,0
DA:5337,0
DA:5339,0
DA:5340,0
DA:5341,0
DA:5343,0
DA:5344,0
DA:5350,0
DA:5357,0
DA:5358,0
DA:5360,0
DA:5361,0
DA:5363,0
DA:5364,0
DA:5366,0
DA:5367,0
DA:5369,0
DA:5370,0
DA:5371,0
DA:5372,0
DA:5375,0
DA:5376,0
DA:5377,0
DA:5389,0
DA:5396,0
DA:5397,0
DA:5399,0
DA:5400,0
DA:5402,0
DA:5403,0
DA:5405,0
DA:5406,0
DA:5408,0
DA:5409,0
DA:5410,0
DA:5411,0
DA:5414,0
DA:5415,0
DA:5416,0
DA:5428,0
DA:5435,0
DA:5436,0
DA:5438,0
DA:5439,0
DA:5441,0
DA:5442,0
DA:5444,0
DA:5445,0
DA:5447,0
DA:5448,0
DA:5449,0
DA:5450,0
DA:5453,0
DA:5454,0
DA:5455,0
DA:5477,0
DA:5478,0
DA:5481,0
DA:5482,0
DA:5483,0
DA:5484,0
DA:5485,0
DA:5486,0
DA:5487,0
DA:5493,0
DA:5499,0
DA:5505,0
DA:5511,0
DA:5512,0
DA:5513,0
DA:5514,0
DA:5516,0
DA:5517,0
DA:5518,0
DA:5520,0
DA:5533,0
DA:5535,0
DA:5537,0
DA:5539,0
DA:5541,0
DA:5547,0
DA:5548,0
DA:5586,0
DA:5588,0
DA:5589,0
DA:5591,0
DA:5592,0
DA:5594,0
DA:5595,0
DA:5596,0
DA:5598,0
DA:5599,0
DA:5602,0
DA:5604,0
DA:5605,0
DA:5606,0
DA:5608,0
DA:5610,0
DA:5611,0
DA:5614,0
DA:5615,0
DA:5616,0
DA:5619,0
DA:5621,0
DA:5622,0
DA:5624,0
DA:5625,0
DA:5626,0
DA:5628,0
DA:5629,0
DA:5630,0
DA:5636,0
DA:5643,0
DA:5644,0
DA:5646,0
DA:5647,0
DA:5649,0
DA:5650,0
DA:5652,0
DA:5653,0
DA:5655,0
DA:5656,0
DA:5658,0
DA:5659,0
DA:5661,0
DA:5662,0
DA:5663,0
DA:5664,0
DA:5667,0
DA:5668,0
DA:5669,0
DA:5678,0
DA:5680,0
DA:5682,0
DA:5683,0
DA:5684,0
DA:5685,0
DA:5688,0
DA:5689,0
DA:5690,0
DA:5696,0
DA:5699,0
DA:5701,0
DA:5703,0
DA:5704,0
DA:5705,0
DA:5706,0
DA:5709,0
DA:5710,0
DA:5711,0
DA:5717,0
DA:5723,0
DA:5730,0
DA:5731,0
DA:5733,0
DA:5734,0
DA:5736,0
DA:5737,0
DA:5739,0
DA:5740,0
DA:5742,0
DA:5743,0
DA:5745,0
DA:5746,0
DA:5748,0
DA:5749,0
DA:5750,0
DA:5751,0
DA:5754,0
DA:5755,0
DA:5756,0
DA:5768,0
DA:5775,0
DA:5776,0
DA:5778,0
DA:5779,0
DA:5781,0
DA:5782,0
DA:5784,0
DA:5785,0
DA:5787,0
DA:5788,0
DA:5790,0
DA:5791,0
DA:5793,0
DA:5794,0
DA:5795,0
DA:5796,0
DA:5799,0
DA:5800,0
DA:5801,0
DA:5810,0
DA:5812,0
DA:5814,0
DA:5815,0
DA:5816,0
DA:5817,0
DA:5820,0
DA:5821,0
DA:5822,0
DA:5828,0
DA:5831,0
DA:5833,0
DA:5835,0
DA:5836,0
DA:5837,0
DA:5838,0
DA:5841,0
DA:5842,0
DA:5843,0
DA:5849,0
DA:5866,0
DA:5867,0
DA:5870,0
DA:5871,0
DA:5872,0
DA:5873,0
DA:5874,0
DA:5875,0
DA:5876,0
DA:5884,0
DA:5892,0
DA:5900,0
DA:5908,0
DA:5909,0
DA:5910,0
DA:5911,0
DA:5913,0
DA:5914,0
DA:5918,0
DA:5920,0
DA:5921,0
DA:5922,0
DA:5936,0
DA:5938,0
DA:5940,0
DA:5942,0
DA:5944,0
DA:5950,0
DA:5951,0
DA:5953,0
DA:5957,0
DA:5958,0
DA:5959,0
DA:5960,0
DA:5962,0
DA:5963,0
DA:5966,0
DA:5969,0
DA:5970,0
DA:5971,0
DA:5973,0
DA:5974,0
DA:6015,0
DA:6018,0
DA:6019,0
DA:6020,0
DA:6022,0
DA:6023,0
DA:6025,0
DA:6026,0
DA:6027,0
DA:6029,0
DA:6030,0
DA:6036,0
DA:6043,0
DA:6044,0
DA:6046,0
DA:6047,0
DA:6049,0
DA:6050,0
DA:6052,0
DA:6053,0
DA:6055,0
DA:6056,0
DA:6058,0
DA:6059,0
DA:6060,0
DA:6061,0
DA:6064,0
DA:6065,0
DA:6066,0
DA:6078,0
DA:6085,0
DA:6086,0
DA:6088,0
DA:6089,0
DA:6091,0
DA:6092,0
DA:6094,0
DA:6095,0
DA:6097,0
DA:6098,0
DA:6100,0
DA:6101,0
DA:6102,0
DA:6103,0
DA:6106,0
DA:6107,0
DA:6108,0
DA:6120,0
DA:6127,0
DA:6128,0
DA:6130,0
DA:6131,0
DA:6133,0
DA:6134,0
DA:6136,0
DA:6137,0
DA:6139,0
DA:6140,0
DA:6142,0
DA:6143,0
DA:6144,0
DA:6145,0
DA:6148,0
DA:6149,0
DA:6150,0
DA:6172,0
DA:6174,0
DA:6177,0
DA:6178,0
DA:6179,0
DA:6180,0
DA:6181,0
DA:6182,0
DA:6183,0
DA:6190,0
DA:6197,0
DA:6204,0
DA:6211,0
DA:6212,0
DA:6213,0
DA:6214,0
DA:6216,0
DA:6217,0
DA:6218,0
DA:6220,0
DA:6233,0
DA:6235,0
DA:6237,0
DA:6239,0
DA:6241,0
DA:6242,0
DA:6248,0
DA:6249,0
DA:6293,0
DA:6295,0
DA:6296,0
DA:6298,0
DA:6299,0
DA:6301,0
DA:6302,0
DA:6303,0
DA:6305,0
DA:6306,0
DA:6309,0
DA:6310,0
DA:6312,0
DA:6313,0
DA:6315,0
DA:6316,0
DA:6317,0
DA:6319,0
DA:6320,0
DA:6325,0
DA:6332,0
DA:6333,0
DA:6335,0
DA:6336,0
DA:6338,0
DA:6339,0
DA:6341,0
DA:6342,0
DA:6344,0
DA:6345,0
DA:6347,0
DA:6348,0
DA:6350,0
DA:6351,0
DA:6352,0
DA:6354,0
DA:6355,0
DA:6357,0
DA:6358,0
DA:6359,0
DA:6360,0
DA:6363,0
DA:6364,0
DA:6365,0
DA:6374,0
DA:6375,0
DA:6377,0
DA:6378,0
DA:6379,0
DA:6380,0
DA:6383,0
DA:6384,0
DA:6385,0
DA:6396,0
DA:6403,0
DA:6404,0
DA:6406,0
DA:6407,0
DA:6409,0
DA:6410,0
DA:6412,0
DA:6413,0
DA:6415,0
DA:6416,0
DA:6418,0
DA:6419,0
DA:6421,0
DA:6422,0
DA:6423,0
DA:6425,0
DA:6426,0
DA:6428,0
DA:6429,0
DA:6430,0
DA:6431,0
DA:6434,0
DA:6435,0
DA:6436,0
DA:6445,0
DA:6446,0
DA:6448,0
DA:6449,0
DA:6450,0
DA:6451,0
DA:6454,0
DA:6455,0
DA:6456,0
DA:6468,0
DA:6475,0
DA:6476,0
DA:6478,0
DA:6479,0
DA:6481,0
DA:6482,0
DA:6484,0
DA:6485,0
DA:6487,0
DA:6488,0
DA:6490,0
DA:6491,0
DA:6493,0
DA:6494,0
DA:6496,0
DA:6497,0
DA:6499,0
DA:6500,0
DA:6501,0
DA:6502,0
DA:6505,0
DA:6506,0
DA:6507,0
DA:6516,0
DA:6517,0
DA:6519,0
DA:6520,0
DA:6521,0
DA:6522,0
DA:6525,0
DA:6526,0
DA:6527,0
DA:6549,0
DA:6550,0
DA:6553,0
DA:6554,0
DA:6555,0
DA:6556,0
DA:6557,0
DA:6558,0
DA:6559,0
DA:6570,0
DA:6581,0
DA:6592,0
DA:6603,0
DA:6604,0
DA:6605,0
DA:6606,0
DA:6607,0
DA:6608,0
DA:6610,0
DA:6623,0
DA:6625,0
DA:6627,0
DA:6628,0
DA:6630,0
DA:6634,0
DA:6636,0
DA:6637,0
DA:6639,0
DA:6645,0
DA:6646,0
DA:6686,0
DA:6693,0
DA:6694,0
DA:6696,0
DA:6697,0
DA:6699,0
DA:6700,0
DA:6702,0
DA:6703,0
DA:6705,0
DA:6706,0
DA:6708,0
DA:6709,0
DA:6714,0
DA:6721,0
DA:6722,0
DA:6724,0
DA:6725,0
DA:6727,0
DA:6728,0
DA:6730,0
DA:6731,0
DA:6733,0
DA:6734,0
DA:6736,0
DA:6737,0
DA:6742,0
DA:6749,0
DA:6750,0
DA:6752,0
DA:6753,0
DA:6755,0
DA:6756,0
DA:6758,0
DA:6759,0
DA:6761,0
DA:6762,0
DA:6764,0
DA:6765,0
DA:6783,0
DA:6784,0
DA:6787,0
DA:6788,0
DA:6789,0
DA:6790,0
DA:6791,0
DA:6792,0
DA:6793,0
DA:6801,0
DA:6809,0
DA:6817,0
DA:6825,0
DA:6826,0
DA:6827,0
DA:6850,0
DA:6851,0
DA:6852,0
DA:6853,0
DA:6854,0
DA:6855,0
DA:6856,0
DA:6857,0
DA:6858,0
DA:6859,0
DA:6860,0
DA:6861,0
DA:6862,0
DA:6863,0
DA:6864,0
DA:6865,0
DA:6869,45
DA:6870,48
DA:6871,21
DA:6872,18
DA:6873,18
DA:6874,2
DA:6875,4
DA:6876,15
DA:6877,24
LF:3245
LH:849
end_of_record
SF:lib/core/database/database.dart
DA:18,0
DA:19,0
DA:20,0
DA:21,0
DA:22,0
DA:23,0
DA:24,0
DA:25,0
DA:26,0
DA:27,0
DA:31,0
DA:32,0
DA:33,0
DA:34,0
DA:35,0
DA:36,0
DA:37,0
DA:41,0
DA:42,0
DA:44,0
DA:45,0
DA:46,0
DA:47,0
DA:48,0
DA:49,0
DA:50,0
DA:51,0
DA:52,0
DA:53,0
DA:54,0
DA:55,0
DA:56,0
DA:57,0
DA:58,0
DA:59,0
DA:60,0
DA:61,0
DA:62,0
DA:63,0
DA:64,0
DA:65,0
DA:66,0
DA:68,0
DA:69,0
DA:70,0
DA:71,0
DA:72,0
DA:73,0
DA:76,0
DA:77,0
DA:78,0
DA:79,0
DA:83,0
DA:84,0
DA:85,0
DA:86,0
DA:87,0
DA:91,0
DA:92,0
DA:93,0
DA:94,0
DA:95,0
DA:96,0
DA:97,0
DA:101,0
DA:102,0
DA:103,0
DA:104,0
DA:105,0
DA:106,0
DA:110,0
DA:111,0
DA:112,0
DA:113,0
DA:114,0
DA:115,0
DA:116,0
DA:117,0
DA:118,0
DA:119,0
DA:120,0
DA:124,0
DA:125,0
DA:126,0
DA:127,0
DA:128,0
DA:129,0
DA:146,32
DA:147,48
DA:150,16
DA:153,16
DA:155,16
DA:156,16
DA:157,16
DA:159,16
DA:160,16
DA:162,0
DA:163,0
DA:165,0
DA:168,0
DA:172,0
DA:179,0
DA:180,0
DA:182,0
DA:184,0
DA:186,0
DA:188,0
DA:189,0
DA:190,0
DA:192,0
DA:194,0
DA:196,0
DA:197,0
DA:198,0
DA:199,0
DA:200,0
DA:201,0
DA:203,0
DA:205,0
DA:207,0
DA:209,0
DA:211,0
DA:214,0
DA:217,0
DA:220,0
DA:221,0
DA:223,0
DA:225,0
DA:227,0
DA:229,0
DA:232,0
DA:242,0
DA:249,0
DA:254,0
DA:255,0
DA:261,0
DA:268,0
DA:271,0
DA:272,0
DA:277,0
DA:279,0
DA:282,0
DA:285,0
DA:289,0
DA:291,0
DA:292,0
DA:294,0
DA:296,0
DA:301,0
DA:303,0
DA:304,0
DA:306,0
DA:308,0
DA:313,0
DA:315,0
DA:316,0
DA:318,0
DA:320,0
DA:325,0
DA:326,0
DA:327,0
DA:329,0
DA:331,0
DA:335,0
DA:339,0
DA:340,0
DA:344,0
DA:346,0
DA:347,0
DA:349,0
DA:351,0
DA:354,0
DA:357,0
DA:360,0
DA:363,0
DA:365,0
DA:367,0
DA:371,0
DA:386,0
DA:388,0
DA:391,0
DA:409,0
DA:410,0
DA:411,0
DA:412,0
DA:420,0
DA:421,0
DA:422,0
DA:423,0
DA:424,0
DA:439,16
DA:441,6
DA:443,24
DA:444,30
DA:445,6
DA:446,6
DA:447,6
DA:451,6
DA:452,12
DA:453,24
DA:454,12
DA:455,6
DA:456,12
DA:458,6
DA:459,6
DA:462,0
DA:463,0
DA:464,0
DA:467,14
DA:470,42
DA:473,0
DA:474,0
DA:476,3
DA:481,3
DA:483,3
DA:490,2
DA:491,12
DA:492,6
DA:495,0
DA:496,0
DA:497,0
DA:500,4
DA:501,8
DA:502,8
DA:503,20
DA:504,4
DA:507,0
DA:508,0
DA:510,16
DA:511,4
DA:512,4
DA:518,1
DA:519,2
DA:520,2
DA:521,5
DA:522,1
DA:525,2
DA:526,0
DA:527,0
DA:529,8
DA:534,11
DA:535,22
DA:536,44
DA:537,11
DA:538,11
DA:541,6
DA:542,36
DA:543,6
DA:546,1
DA:547,7
DA:550,4
DA:552,0
DA:553,0
DA:554,0
DA:555,0
DA:556,0
DA:559,2
DA:560,6
DA:563,4
DA:564,24
DA:565,4
DA:568,0
DA:569,0
DA:572,0
DA:574,0
DA:575,0
DA:579,15
DA:580,45
DA:583,4
DA:584,12
DA:587,14
DA:588,98
DA:591,2
DA:592,14
DA:596,1
DA:621,7
DA:622,1
DA:623,1
DA:625,1
DA:626,1
DA:627,1
DA:628,1
DA:629,1
DA:630,1
DA:631,1
DA:632,1
DA:634,0
DA:636,1
DA:637,1
DA:638,1
DA:639,1
DA:640,1
DA:641,1
DA:642,1
DA:643,1
DA:644,1
DA:645,1
DA:646,1
DA:647,1
DA:655,2
DA:656,14
DA:660,6
DA:661,42
DA:665,2
DA:666,4
DA:667,8
DA:668,2
DA:672,2
DA:673,14
DA:677,5
DA:678,35
DA:682,0
DA:683,0
DA:687,2
DA:688,6
DA:692,1
DA:699,4
DA:704,1
DA:709,1
DA:710,3
DA:714,0
DA:720,0
DA:729,1
DA:730,3
DA:734,0
DA:741,0
DA:743,0
DA:751,1
DA:752,7
DA:756,2
DA:757,12
DA:758,6
DA:763,2
DA:764,6
DA:767,1
DA:768,7
DA:771,7
DA:772,49
DA:775,2
DA:776,14
LF:340
LH:129
end_of_record
SF:lib/core/models/rules/rule_models.dart
DA:8,11
DA:15,11
DA:17,11
DA:18,22
DA:19,22
DA:20,22
DA:21,33
DA:25,11
DA:26,11
DA:27,55
DA:38,11
DA:45,11
DA:47,11
DA:48,22
DA:49,22
DA:50,22
DA:51,22
DA:64,11
DA:72,11
DA:74,11
DA:75,22
DA:76,22
DA:77,22
DA:78,44
DA:79,22
DA:91,11
DA:98,11
DA:100,11
DA:101,22
DA:102,22
DA:103,33
DA:104,33
DA:108,11
DA:110,11
DA:111,22
DA:113,1
DA:116,1
DA:120,1
DA:121,2
DA:122,1
DA:123,1
DA:125,2
DA:127,2
DA:128,1
DA:129,1
DA:135,11
DA:136,44
DA:142,1
DA:143,3
DA:144,3
DA:145,1
DA:158,2
DA:167,1
DA:169,1
DA:170,2
DA:171,2
DA:172,3
DA:173,2
DA:174,2
DA:175,2
DA:189,12
DA:198,11
DA:200,11
DA:201,22
DA:202,22
DA:203,33
DA:204,22
DA:205,33
DA:206,22
DA:210,11
DA:211,21
DA:212,55
DA:225,12
DA:234,11
DA:236,11
DA:237,22
DA:238,22
DA:239,22
DA:240,22
DA:241,22
DA:242,22
DA:258,11
DA:269,11
DA:271,11
DA:272,22
DA:273,22
DA:274,22
DA:275,22
DA:276,22
DA:277,22
DA:278,33
DA:279,22
LF:92
LH:92
end_of_record
SF:lib/features/creation/logic/creation_state.dart
DA:24,8
DA:38,8
DA:51,8
DA:52,3
DA:53,8
DA:54,8
DA:55,8
DA:56,8
DA:57,8
DA:58,8
DA:59,8
DA:60,8
DA:61,8
DA:62,8
DA:68,8
DA:70,16
DA:73,7
DA:74,21
DA:77,2
DA:84,6
DA:87,2
DA:96,6
DA:97,6
DA:104,4
DA:127,4
DA:130,2
DA:135,2
DA:136,2
DA:139,6
DA:151,1
DA:152,3
DA:153,2
DA:155,5
DA:157,5
DA:158,1
DA:159,1
DA:171,4
DA:176,1
DA:177,2
DA:180,3
DA:186,0
DA:187,0
DA:188,0
DA:189,0
DA:192,0
DA:193,0
DA:195,0
DA:209,0
DA:210,0
DA:212,0
DA:215,0
DA:218,0
DA:219,0
DA:223,0
DA:224,0
DA:227,1
DA:228,6
DA:232,16
DA:233,16
DA:234,8
LF:60
LH:45
end_of_record
SF:lib/core/errors/app_exceptions.dart
DA:5,3
DA:7,0
DA:9,0
DA:13,1
DA:17,2
DA:21,1
LF:6
LH:4
end_of_record
SF:lib/core/models/rules/spell_model.dart
DA:11,1
DA:22,1
DA:23,1
DA:24,1
DA:25,1
DA:26,1
DA:27,1
DA:28,1
DA:29,1
DA:30,1
DA:31,1
DA:35,0
DA:36,0
DA:37,0
DA:38,0
DA:39,0
DA:40,0
DA:41,0
DA:42,0
DA:43,0
DA:44,0
LF:21
LH:11
end_of_record
SF:lib/core/providers.dart
DA:6,0
DA:8,42
DA:9,0
DA:12,58
DA:13,26
DA:14,13
DA:17,24
DA:18,0
DA:20,0
DA:22,0
DA:23,0
DA:27,0
DA:30,10
DA:31,10
DA:32,10
DA:36,5
DA:41,10
DA:42,10
DA:43,10
DA:44,5
DA:47,12
DA:48,6
DA:49,3
DA:52,0
DA:53,0
DA:55,0
DA:56,0
LF:27
LH:16
end_of_record
SF:lib/core/services/gemini_service.dart
DA:16,6
DA:23,0
DA:25,0
DA:26,0
DA:27,0
DA:41,1
DA:45,0
DA:46,0
DA:47,0
DA:48,0
DA:49,0
DA:52,0
DA:53,0
DA:55,0
DA:59,0
DA:60,0
DA:61,0
DA:64,0
DA:65,0
DA:66,0
DA:68,0
DA:69,0
DA:70,0
DA:82,0
DA:83,0
DA:84,0
DA:85,0
DA:86,0
DA:89,0
DA:95,0
DA:96,0
DA:97,0
DA:98,0
DA:99,0
DA:102,0
DA:109,0
DA:116,0
DA:117,0
DA:118,0
DA:121,0
DA:122,0
DA:123,0
DA:127,0
DA:132,0
DA:138,1
DA:155,2
DA:158,1
DA:159,0
DA:160,0
DA:164,1
DA:177,1
DA:178,2
DA:179,1
DA:180,2
DA:185,1
DA:198,3
DA:199,1
DA:200,0
DA:201,0
DA:202,0
DA:204,0
DA:205,1
DA:206,1
DA:208,0
DA:212,2
DA:213,1
DA:214,0
DA:218,0
DA:221,0
DA:228,1
DA:230,0
DA:235,3
DA:236,1
DA:237,0
DA:239,1
DA:240,1
DA:245,0
DA:249,0
DA:250,0
DA:256,0
DA:257,0
DA:262,0
DA:264,0
DA:269,0
DA:270,0
DA:271,0
DA:273,0
DA:274,0
DA:276,0
DA:277,0
DA:278,0
DA:279,0
DA:281,0
DA:282,0
DA:283,0
DA:286,0
DA:287,0
LF:97
LH:22
end_of_record
SF:lib/features/settings/settings_provider.dart
DA:10,2
DA:16,0
DA:21,0
DA:22,0
DA:24,0
DA:25,0
DA:33,4
DA:34,2
DA:37,2
DA:38,4
DA:39,2
DA:40,0
DA:41,0
DA:48,0
DA:49,0
DA:50,0
DA:53,1
DA:54,2
DA:58,0
DA:59,0
DA:60,0
DA:61,0
DA:65,0
DA:66,0
DA:67,0
DA:71,4
DA:72,4
DA:73,4
LF:28
LH:11
end_of_record
SF:lib/core/rules/dnd5e_rules.dart
DA:74,8
DA:75,32
DA:77,16
DA:90,0
DA:91,0
DA:93,0
DA:94,0
DA:96,0
DA:97,0
DA:99,0
DA:101,0
DA:102,0
DA:103,0
DA:104,0
DA:105,0
DA:106,0
DA:107,0
DA:108,0
DA:109,0
DA:115,0
DA:116,0
DA:155,0
DA:157,0
DA:158,0
DA:167,0
DA:169,0
DA:202,0
DA:204,0
DA:221,0
DA:223,0
DA:224,0
DA:226,0
DA:227,0
DA:229,1
DA:232,1
DA:233,3
DA:234,2
DA:238,1
DA:239,2
DA:242,2
DA:243,3
DA:244,1
DA:246,2
DA:311,0
DA:314,0
DA:315,0
DA:318,0
DA:320,0
DA:321,0
DA:324,0
DA:325,0
DA:328,0
DA:331,0
DA:333,0
DA:334,0
DA:337,0
DA:338,0
DA:340,0
DA:341,0
DA:344,0
DA:347,0
DA:348,0
DA:349,0
DA:350,0
DA:353,0
DA:354,0
DA:356,0
DA:359,1
DA:363,1
DA:365,0
DA:368,1
DA:374,1
DA:375,1
DA:376,0
DA:377,0
DA:378,0
DA:379,0
DA:380,0
DA:381,0
DA:382,0
DA:383,0
DA:384,0
DA:385,0
DA:391,3
LF:84
LH:19
end_of_record
SF:lib/core/rules/rpg_system.dart
DA:10,2
LF:1
LH:1
end_of_record
SF:lib/core/rules/modular_rules_controller.dart
DA:11,0
DA:12,0
DA:16,22
DA:17,11
DA:19,11
DA:20,11
DA:23,11
DA:35,2
DA:39,11
DA:41,11
DA:43,0
DA:45,22
DA:46,22
DA:47,22
DA:50,22
DA:51,22
DA:52,22
DA:53,22
DA:56,22
DA:57,22
DA:58,2
DA:59,22
DA:62,22
DA:63,22
DA:64,22
DA:65,22
DA:66,22
DA:68,11
DA:69,11
DA:70,77
DA:73,11
DA:76,11
DA:81,11
DA:84,11
DA:85,11
DA:89,22
DA:91,11
DA:93,0
DA:97,11
DA:98,11
DA:100,0
DA:101,0
DA:107,8
DA:108,8
DA:109,16
DA:110,8
DA:116,1
DA:117,1
DA:120,8
DA:121,48
DA:124,7
DA:127,7
DA:128,28
DA:129,7
DA:132,8
DA:133,48
DA:136,8
DA:137,27
DA:140,7
DA:141,42
DA:144,1
DA:145,6
DA:148,0
DA:149,0
DA:153,2
DA:154,2
LF:66
LH:58
end_of_record
SF:lib/core/services/ai_prompt_builder.dart
DA:5,2
DA:18,2
DA:19,2
DA:20,2
DA:21,2
DA:22,0
DA:31,8
DA:36,2
DA:37,2
DA:38,2
DA:45,2
DA:49,1
DA:50,1
DA:52,0
DA:55,1
DA:56,1
DA:58,1
DA:67,2
DA:68,2
DA:69,2
DA:70,2
DA:71,2
DA:98,2
DA:101,2
DA:108,8
DA:109,6
DA:110,6
DA:112,2
DA:113,2
DA:114,1
DA:115,6
DA:117,2
DA:120,2
DA:122,2
DA:124,4
LF:35
LH:33
end_of_record
SF:lib/features/campaign/data/models/character.dart
DA:23,0
DA:24,0
LF:2
LH:0
end_of_record
SF:lib/features/campaign/data/models/character.g.dart
DA:9,0
DA:10,0
DA:11,0
DA:12,0
DA:13,0
DA:14,0
DA:15,0
DA:16,0
DA:17,0
DA:18,0
DA:19,0
DA:20,0
DA:21,0
DA:22,0
DA:24,0
DA:25,0
DA:28,0
DA:29,0
DA:30,0
DA:31,0
DA:32,0
DA:33,0
DA:34,0
DA:35,0
DA:36,0
DA:37,0
DA:38,0
DA:39,0
DA:40,0
DA:41,0
LF:30
LH:0
end_of_record
SF:lib/core/services/gemini_wrapper.dart
DA:17,0
DA:19,0
DA:21,0
DA:28,0
DA:30,0
DA:32,0
LF:6
LH:0
end_of_record
SF:lib/core/utils/dice_utils.dart
DA:4,6
DA:7,2
DA:8,6
DA:12,1
DA:13,1
DA:14,3
LF:6
LH:6
end_of_record
SF:lib/features/campaign/character_selection_screen.dart
DA:12,1
DA:14,1
DA:16,1
DA:28,1
DA:30,1
DA:31,1
DA:34,1
DA:35,2
DA:36,1
DA:37,6
DA:41,1
DA:43,1
DA:44,1
DA:47,1
DA:48,1
DA:49,1
DA:50,2
DA:54,1
DA:55,0
DA:58,1
DA:60,1
DA:61,1
DA:62,1
DA:64,1
DA:67,1
DA:68,2
DA:77,1
DA:79,1
DA:80,1
DA:81,1
DA:82,1
DA:83,1
DA:84,1
DA:85,3
DA:87,2
DA:88,1
DA:89,4
DA:90,0
DA:91,0
DA:92,0
DA:93,0
DA:94,0
DA:98,1
DA:100,1
DA:101,1
DA:109,1
DA:110,0
DA:116,1
DA:118,3
DA:119,2
DA:127,3
DA:130,1
DA:131,1
DA:132,2
DA:133,2
DA:134,2
DA:136,1
DA:138,0
DA:143,1
DA:144,1
DA:146,1
DA:147,1
DA:148,3
DA:151,1
DA:152,1
DA:153,0
DA:156,1
DA:157,1
DA:158,1
DA:159,5
DA:160,1
DA:161,1
DA:162,1
LF:73
LH:64
end_of_record
SF:lib/features/creation/character_creation_screen.dart
DA:19,5
DA:22,7
DA:24,7
DA:33,7
DA:35,7
DA:36,7
DA:39,4
DA:41,8
DA:42,4
DA:47,7
DA:49,7
DA:51,14
DA:52,7
DA:55,21
DA:56,21
DA:57,21
DA:60,7
DA:62,14
DA:63,7
DA:64,28
DA:67,0
DA:69,35
DA:73,14
DA:74,6
DA:76,15
DA:78,10
DA:79,12
DA:80,3
DA:83,0
DA:84,0
DA:93,0
DA:96,21
DA:98,7
DA:99,14
DA:100,7
DA:102,7
DA:105,0
DA:109,7
DA:111,7
DA:120,7
DA:121,7
DA:124,7
DA:125,7
DA:126,7
DA:128,7
DA:129,7
DA:136,7
DA:137,7
DA:139,7
DA:140,3
DA:141,6
DA:142,12
DA:144,2
DA:147,0
DA:148,0
DA:149,0
DA:151,0
DA:154,7
DA:155,7
DA:157,7
DA:158,7
DA:159,7
DA:160,7
DA:161,21
DA:164,7
DA:165,7
DA:172,7
DA:173,7
DA:176,14
DA:178,14
DA:180,7
DA:183,14
DA:185,14
DA:187,7
DA:190,14
DA:192,14
DA:194,7
DA:197,14
DA:199,14
DA:201,7
DA:204,14
DA:205,14
DA:217,2
DA:218,6
DA:219,6
DA:221,6
DA:222,0
DA:223,0
DA:227,3
DA:228,3
DA:234,2
DA:235,2
DA:237,4
DA:239,6
DA:242,3
DA:243,1
DA:244,0
DA:245,0
DA:246,0
DA:252,2
DA:253,3
DA:254,1
DA:256,1
DA:257,1
DA:258,2
DA:259,2
DA:260,2
DA:265,2
DA:270,2
DA:271,2
DA:272,2
DA:273,2
DA:274,2
DA:275,2
DA:278,1
DA:279,3
LF:116
LH:102
end_of_record
SF:lib/features/game/presentation/game_screen.dart
DA:11,2
DA:14,5
DA:15,5
DA:22,5
DA:24,10
DA:25,10
DA:26,5
DA:29,3
DA:30,6
DA:31,6
DA:32,9
DA:39,5
DA:40,5
DA:41,10
DA:42,5
DA:43,5
DA:44,30
DA:45,5
DA:48,5
DA:51,35
DA:54,35
DA:55,5
DA:56,10
DA:57,21
DA:60,3
DA:61,9
DA:66,5
DA:67,5
DA:69,5
DA:70,5
DA:73,0
DA:77,15
DA:78,5
DA:79,0
DA:80,5
DA:81,5
DA:82,5
DA:83,5
DA:84,5
DA:85,10
DA:89,5
DA:90,5
DA:92,10
DA:93,5
DA:94,10
DA:95,15
DA:96,10
DA:99,5
DA:100,5
DA:103,5
DA:104,5
DA:106,5
DA:110,5
DA:113,5
DA:115,5
DA:117,5
DA:118,5
DA:120,20
DA:121,5
DA:122,5
DA:123,5
DA:131,5
DA:132,0
DA:135,5
DA:136,5
DA:138,5
DA:139,5
DA:140,5
DA:141,5
DA:142,5
DA:148,5
DA:152,5
DA:153,20
LF:73
LH:70
end_of_record
SF:lib/features/character/tabs/features_tab.dart
DA:8,1
DA:10,0
DA:12,0
DA:13,0
DA:14,0
DA:15,0
DA:18,0
DA:20,0
DA:23,0
DA:25,0
DA:26,0
DA:28,0
DA:30,0
DA:32,0
DA:33,0
DA:35,0
DA:40,0
DA:42,0
DA:45,0
DA:51,0
DA:52,0
DA:53,0
DA:60,0
DA:64,0
DA:65,0
DA:66,0
DA:78,0
DA:79,0
DA:81,0
DA:82,0
DA:83,0
DA:87,0
DA:93,0
DA:100,0
DA:103,0
DA:104,0
DA:105,0
DA:106,0
DA:108,0
DA:109,0
LF:40
LH:1
end_of_record
SF:lib/features/character/tabs/grimoire_tab.dart
DA:13,1
DA:15,0
DA:16,0
DA:22,0
DA:24,0
DA:25,0
DA:28,0
DA:29,0
DA:32,0
DA:33,0
DA:34,0
DA:35,0
DA:36,0
DA:37,0
DA:38,0
DA:39,0
DA:40,0
DA:41,0
DA:42,0
DA:43,0
DA:44,0
DA:45,0
DA:46,0
DA:47,0
DA:55,0
DA:68,0
DA:69,0
DA:70,0
DA:71,0
DA:72,0
DA:74,0
DA:77,0
DA:78,0
DA:79,0
DA:80,0
DA:81,0
DA:82,0
DA:83,0
DA:85,0
DA:86,0
DA:87,0
DA:88,0
DA:89,0
DA:90,0
DA:91,0
DA:99,0
DA:100,0
DA:101,0
DA:103,0
DA:104,0
DA:105,0
DA:106,0
DA:116,0
DA:117,0
DA:118,0
DA:119,0
DA:124,0
DA:131,0
DA:133,0
DA:134,0
DA:135,0
DA:136,0
DA:137,0
DA:138,0
DA:139,0
DA:140,0
DA:141,0
DA:143,0
DA:153,0
DA:154,0
DA:155,0
DA:156,0
DA:158,0
DA:159,0
DA:160,0
DA:161,0
DA:163,0
DA:166,0
DA:167,0
DA:174,0
DA:176,0
DA:178,0
DA:179,0
DA:184,0
DA:186,0
DA:187,0
DA:189,0
DA:192,0
DA:193,0
DA:195,0
DA:203,0
DA:204,0
DA:205,0
DA:207,0
DA:208,0
DA:209,0
DA:210,0
DA:212,0
DA:213,0
DA:214,0
DA:216,0
DA:218,0
DA:219,0
DA:222,0
DA:223,0
DA:224,0
DA:228,0
DA:231,0
DA:234,0
DA:236,0
DA:243,0
DA:244,0
DA:246,0
DA:248,0
DA:249,0
DA:252,0
DA:253,0
DA:256,0
DA:257,0
DA:259,0
DA:260,0
DA:262,0
DA:266,0
DA:267,0
DA:289,0
DA:290,0
DA:291,0
DA:294,0
DA:295,0
DA:296,0
DA:297,0
DA:299,0
DA:300,0
DA:301,0
DA:307,0
DA:309,0
DA:312,0
DA:318,0
DA:319,0
LF:139
LH:1
end_of_record
SF:lib/features/character/widgets/attribute_grid.dart
DA:8,1
DA:10,3
DA:12,1
DA:14,6
DA:16,1
DA:17,2
DA:18,2
DA:19,2
DA:20,2
DA:21,2
DA:22,2
DA:25,0
DA:26,0
DA:27,0
DA:30,0
DA:32,0
DA:35,1
DA:37,1
DA:39,1
DA:45,1
DA:54,2
DA:55,2
DA:56,1
DA:57,1
DA:58,5
DA:59,0
DA:60,0
DA:61,0
DA:64,1
DA:65,1
DA:69,1
DA:73,2
DA:74,1
DA:75,1
DA:76,2
DA:79,3
DA:82,1
DA:83,1
DA:85,1
DA:86,2
DA:87,2
DA:88,1
DA:89,1
DA:90,1
DA:91,1
DA:95,1
DA:97,1
DA:98,1
DA:99,2
DA:100,1
DA:103,3
DA:108,1
DA:113,1
DA:114,1
DA:115,3
DA:120,1
LF:56
LH:48
end_of_record
SF:lib/features/character/widgets/skill_list.dart
DA:10,1
DA:12,1
DA:14,6
DA:15,1
DA:17,0
DA:18,0
DA:19,0
DA:22,0
DA:24,0
DA:28,0
DA:31,1
DA:33,7
DA:34,0
DA:35,0
DA:36,0
DA:39,0
DA:41,0
DA:44,1
DA:46,1
DA:47,1
DA:54,1
DA:62,0
DA:63,0
DA:68,0
DA:70,0
DA:72,0
DA:78,0
DA:81,0
DA:82,0
DA:83,0
DA:84,0
DA:85,0
DA:89,0
DA:90,0
DA:91,0
DA:102,0
DA:104,0
DA:106,0
DA:107,0
DA:109,0
DA:110,0
DA:112,0
DA:113,0
DA:115,0
DA:116,0
DA:118,0
DA:119,0
DA:121,0
DA:122,0
DA:127,0
DA:129,0
DA:132,0
DA:133,0
DA:135,0
DA:137,0
DA:139,0
DA:140,0
DA:141,0
LF:58
LH:10
end_of_record
SF:lib/features/creation/steps/step_attributes.dart
DA:7,2
DA:9,7
DA:10,7
DA:17,7
DA:19,7
DA:24,7
DA:25,7
DA:26,0
DA:27,0
DA:28,0
DA:32,7
DA:33,7
DA:34,0
DA:38,7
DA:40,21
DA:41,28
DA:45,21
DA:54,14
DA:55,21
DA:56,14
DA:58,7
DA:60,7
DA:62,7
DA:64,7
DA:65,7
DA:67,7
DA:68,7
DA:69,21
DA:70,7
DA:71,14
DA:73,14
DA:79,7
DA:80,0
DA:81,14
DA:82,21
DA:83,7
DA:84,14
DA:85,7
DA:87,7
DA:89,7
DA:91,7
DA:92,7
DA:93,7
DA:95,7
DA:97,7
DA:98,14
DA:101,14
DA:107,7
DA:109,7
DA:110,7
DA:111,7
DA:114,7
DA:118,7
DA:120,7
DA:122,7
DA:123,7
DA:127,0
DA:128,0
DA:131,7
DA:135,0
DA:136,0
LF:61
LH:52
end_of_record
SF:lib/features/creation/steps/step_origin.dart
DA:7,2
DA:9,7
DA:11,14
DA:12,21
DA:14,7
DA:16,7
DA:18,7
DA:19,7
DA:21,21
DA:23,7
DA:25,21
DA:28,7
DA:31,7
DA:32,7
DA:33,7
DA:34,22
DA:36,7
DA:38,3
DA:42,1
DA:43,1
DA:44,2
DA:45,1
DA:48,7
DA:49,1
DA:54,3
DA:56,1
DA:57,4
DA:58,0
DA:59,0
DA:60,0
DA:64,3
DA:65,1
DA:68,0
DA:69,0
DA:70,0
DA:73,7
DA:75,7
DA:77,7
DA:78,7
DA:80,7
DA:81,14
DA:85,1
DA:90,14
DA:92,7
DA:93,7
DA:97,21
DA:103,7
DA:105,7
DA:109,7
DA:110,7
DA:111,21
LF:51
LH:45
end_of_record
SF:lib/features/creation/steps/step_skills_magic.dart
DA:7,2
DA:9,7
DA:11,14
DA:12,21
DA:13,21
DA:16,14
DA:17,7
DA:21,0
DA:23,0
DA:25,7
DA:36,15
DA:39,15
DA:40,1
DA:42,1
DA:48,1
DA:53,0
DA:57,14
DA:62,14
DA:63,7
DA:69,7
DA:71,7
DA:73,7
DA:74,7
DA:76,7
DA:77,28
DA:78,7
DA:79,14
DA:81,14
DA:87,14
DA:88,21
DA:89,14
DA:96,14
DA:97,7
DA:101,1
DA:103,7
DA:104,7
DA:105,14
DA:106,28
DA:107,7
DA:109,7
DA:110,14
DA:113,7
DA:116,0
DA:117,0
DA:120,7
DA:123,0
DA:124,0
DA:132,0
DA:135,0
DA:136,0
DA:137,0
DA:138,0
DA:139,0
DA:141,0
DA:142,0
DA:147,0
DA:156,0
DA:157,0
DA:158,0
DA:161,0
DA:162,0
DA:167,0
DA:168,0
LF:63
LH:40
end_of_record
SF:lib/features/creation/steps/step_species.dart
DA:10,2
DA:12,7
DA:14,14
DA:16,21
DA:18,14
DA:20,7
DA:21,7
DA:22,7
DA:23,14
DA:24,8
DA:30,1
DA:33,1
DA:36,1
DA:37,0
DA:40,1
DA:41,1
DA:46,7
DA:48,14
DA:50,7
DA:52,7
DA:54,7
DA:55,7
DA:57,21
DA:60,7
DA:61,7
DA:64,7
DA:65,7
DA:66,7
DA:68,23
DA:70,7
DA:72,6
DA:76,2
DA:77,2
DA:78,4
DA:80,2
DA:83,7
DA:84,14
DA:85,7
DA:87,7
DA:88,21
DA:89,7
DA:90,35
DA:91,14
DA:92,0
DA:93,0
DA:96,2
DA:97,8
LF:47
LH:44
end_of_record
SF:lib/features/creation/steps/step_traits.dart
DA:7,2
DA:9,7
DA:11,14
DA:12,21
DA:13,21
DA:15,7
DA:17,7
DA:19,7
DA:20,7
DA:22,7
DA:23,7
DA:25,21
DA:27,7
DA:30,7
DA:31,14
DA:32,7
DA:34,7
DA:35,7
DA:37,7
DA:38,14
DA:49,7
DA:52,7
DA:53,0
DA:54,0
DA:56,0
DA:60,0
DA:62,0
DA:64,0
DA:67,0
DA:68,0
DA:69,0
DA:70,0
DA:73,0
DA:75,0
DA:76,0
DA:77,0
DA:78,0
DA:79,0
DA:80,0
DA:82,0
DA:84,0
DA:89,0
DA:92,0
DA:93,0
DA:96,0
DA:98,0
LF:46
LH:22
end_of_record
SF:lib/features/game/presentation/drawer/character_drawer.dart
DA:12,5
DA:14,1
DA:17,4
DA:19,1
DA:20,1
DA:21,1
DA:23,0
DA:27,1
DA:29,1
DA:30,1
DA:31,1
DA:33,2
DA:36,1
DA:37,4
DA:38,1
DA:40,1
DA:41,5
DA:59,1
DA:60,1
DA:61,1
DA:63,1
DA:64,1
DA:66,1
DA:67,1
DA:69,1
DA:72,1
DA:73,4
DA:76,3
DA:83,1
DA:86,1
DA:89,1
DA:95,1
DA:98,1
DA:101,2
DA:109,1
DA:110,0
DA:118,1
DA:120,1
DA:122,4
DA:124,1
DA:125,1
DA:131,1
DA:132,1
DA:133,1
DA:134,1
DA:135,1
DA:136,1
DA:137,1
DA:138,1
DA:139,1
DA:141,2
DA:142,3
DA:143,0
DA:150,1
DA:151,0
LF:55
LH:51
end_of_record
SF:lib/features/game/state/game_controller.g.dart
DA:9,7
DA:13,0
DA:15,7
DA:17,14
DA:19,28
DA:20,14
DA:23,7
DA:25,28
DA:27,14
DA:28,28
DA:50,2
DA:53,7
DA:57,7
DA:63,0
DA:67,0
DA:68,0
DA:69,0
DA:75,0
DA:80,0
DA:84,0
DA:92,7
DA:95,7
DA:96,14
DA:97,7
DA:98,7
DA:112,7
DA:121,7
DA:126,7
DA:130,7
DA:131,7
DA:132,7
DA:136,0
DA:138,0
DA:140,0
DA:141,0
DA:142,0
DA:143,0
DA:144,0
DA:149,0
DA:150,0
DA:155,7
DA:158,7
DA:161,7
DA:163,7
DA:164,21
DA:165,21
DA:168,7
DA:170,21
DA:171,21
DA:172,21
DA:174,7
DA:191,7
DA:193,0
DA:194,0
DA:195,0
DA:196,0
LF:56
LH:35
end_of_record
SF:lib/features/game/state/game_controller.dart
DA:20,7
DA:22,7
DA:23,7
DA:24,21
DA:25,7
DA:26,7
DA:28,7
DA:30,15
DA:41,3
DA:44,3
DA:49,7
DA:50,14
DA:52,6
DA:54,18
DA:55,6
DA:58,18
DA:61,12
DA:64,6
DA:65,6
DA:66,6
DA:67,6
DA:70,12
DA:72,3
DA:77,6
DA:80,6
DA:82,12
DA:83,6
DA:84,6
DA:85,12
DA:86,6
DA:87,6
DA:88,6
DA:89,6
DA:95,6
DA:96,6
DA:100,6
DA:101,6
DA:103,6
DA:104,2
DA:106,2
DA:107,2
DA:112,6
DA:113,6
DA:116,12
DA:120,6
DA:121,2
DA:123,1
DA:126,6
DA:145,5
DA:147,2
DA:151,5
DA:152,15
DA:153,5
DA:156,15
DA:157,10
DA:158,10
DA:161,0
DA:170,5
DA:172,10
DA:173,5
DA:174,5
DA:175,10
DA:176,5
DA:177,5
DA:178,5
DA:179,5
DA:183,5
DA:184,5
DA:186,5
DA:189,5
DA:190,5
DA:191,5
DA:192,5
DA:200,8
DA:202,2
DA:206,6
DA:214,6
DA:217,6
DA:218,1
DA:219,1
DA:220,1
DA:222,1
DA:228,1
DA:233,12
DA:234,3
DA:235,3
DA:236,6
DA:240,6
DA:242,20
DA:243,10
DA:245,25
DA:249,10
DA:252,5
DA:253,5
DA:254,15
DA:257,5
DA:262,2
DA:264,2
DA:266,1
DA:268,1
DA:269,0
DA:271,1
DA:274,4
DA:276,2
DA:277,2
DA:278,6
DA:281,2
LF:107
LH:105
end_of_record
SF:lib/features/game/services/game_action_handler.dart
DA:11,4
DA:13,1
DA:21,2
DA:22,1
DA:23,2
DA:24,1
DA:30,1
DA:32,1
DA:33,1
DA:34,1
DA:35,1
DA:36,2
DA:37,2
DA:39,2
DA:46,1
DA:47,0
DA:48,0
DA:50,0
DA:51,0
DA:52,0
DA:57,1
DA:58,0
DA:59,0
DA:62,0
DA:63,0
DA:64,0
DA:69,2
DA:71,3
DA:74,1
DA:75,1
DA:76,1
DA:80,1
DA:82,1
DA:83,1
DA:84,1
DA:86,2
DA:87,2
DA:89,1
DA:90,1
DA:91,1
DA:93,2
DA:97,2
DA:99,2
DA:109,3
DA:111,6
DA:114,3
DA:115,3
DA:116,3
DA:117,6
DA:118,6
DA:119,9
DA:123,3
DA:124,2
DA:125,4
DA:126,6
DA:129,3
DA:130,0
DA:132,0
DA:136,3
DA:137,1
DA:139,2
DA:140,3
DA:145,3
DA:146,1
DA:148,2
DA:149,3
LF:66
LH:54
end_of_record
SF:lib/features/menu/main_menu_screen.dart
DA:10,0
DA:12,3
DA:13,3
DA:17,3
DA:19,9
DA:21,3
DA:22,3
DA:24,3
DA:25,3
DA:27,1
DA:28,3
DA:29,1
DA:35,3
DA:36,3
DA:37,3
DA:40,3
DA:41,3
DA:42,3
DA:43,3
DA:44,3
DA:45,3
DA:46,6
DA:48,12
DA:49,0
DA:50,0
DA:51,0
DA:52,0
DA:55,3
DA:57,2
DA:64,3
DA:65,0
DA:67,3
DA:68,1
DA:69,3
DA:70,1
DA:78,1
DA:79,1
DA:81,1
DA:82,1
DA:83,3
DA:86,1
DA:87,1
DA:88,0
DA:91,1
DA:92,1
DA:93,1
DA:94,5
DA:95,3
DA:96,1
LF:49
LH:42
end_of_record
SF:lib/features/settings/settings_screen.dart
DA:7,2
DA:9,2
DA:10,2
DA:16,2
DA:18,2
DA:19,4
DA:22,2
DA:24,4
DA:25,2
DA:28,2
DA:30,6
DA:31,8
DA:39,8
DA:40,0
DA:45,2
DA:46,2
DA:49,2
DA:51,2
DA:52,2
DA:54,2
DA:72,2
DA:73,0
DA:74,0
DA:78,2
DA:80,2
DA:81,2
DA:89,1
DA:90,1
DA:94,2
DA:95,2
DA:114,0
DA:116,0
DA:121,2
DA:123,2
DA:127,1
DA:128,3
DA:129,1
DA:138,2
DA:139,2
DA:141,10
DA:142,8
LF:41
LH:36
end_of_record
SF:lib/features/world/create_world_screen.dart
DA:11,2
DA:13,1
DA:14,1
DA:25,1
DA:27,1
DA:28,1
DA:31,1
DA:34,2
DA:35,2
DA:37,1
DA:38,2
DA:39,5
DA:41,2
DA:42,0
DA:44,1
DA:51,1
DA:52,2
DA:53,2
DA:54,0
DA:56,2
DA:61,1
DA:62,3
DA:63,1
DA:64,0
DA:70,2
DA:71,0
DA:77,3
DA:78,3
DA:79,1
DA:80,1
DA:83,2
DA:86,1
DA:87,1
DA:88,5
DA:89,2
DA:93,2
DA:101,1
DA:111,3
DA:113,1
DA:115,4
DA:116,2
DA:121,1
DA:123,1
DA:128,1
DA:129,1
DA:130,1
DA:132,1
DA:134,1
DA:135,1
DA:136,1
DA:144,4
DA:146,1
DA:148,3
DA:149,2
DA:150,1
DA:151,1
DA:153,2
DA:154,3
DA:155,3
DA:157,1
DA:160,1
DA:161,1
DA:170,1
DA:171,1
DA:180,1
DA:181,1
DA:184,1
LF:67
LH:63
end_of_record
SF:lib/features/settings/homebrew_manager_screen.dart
DA:8,2
DA:10,1
DA:12,1
DA:19,1
DA:21,1
DA:22,2
DA:25,1
DA:27,2
DA:28,1
DA:31,1
DA:33,1
DA:34,1
DA:36,1
DA:37,1
DA:44,1
DA:45,1
DA:51,1
DA:52,1
DA:58,1
DA:59,3
DA:61,1
DA:62,1
DA:63,2
DA:65,2
DA:72,2
DA:74,1
DA:76,2
DA:78,1
DA:79,2
DA:80,1
DA:81,2
DA:84,1
DA:85,0
DA:88,1
DA:89,1
DA:90,4
DA:93,1
DA:94,1
DA:95,1
DA:96,1
DA:97,1
DA:98,3
DA:99,1
DA:100,1
DA:101,2
DA:102,2
DA:103,4
DA:106,1
DA:107,2
DA:108,2
DA:122,1
DA:124,1
DA:125,1
DA:132,1
DA:133,3
DA:134,1
DA:136,3
DA:137,2
DA:138,1
DA:139,3
DA:140,4
DA:143,1
DA:144,3
DA:148,1
DA:150,1
DA:151,4
DA:152,1
DA:153,1
DA:155,1
DA:156,1
DA:157,1
DA:162,1
DA:163,1
DA:170,1
DA:171,1
DA:172,0
DA:175,1
DA:176,1
LF:78
LH:76
end_of_record
SF:lib/features/settings/settings_service.dart
DA:13,2
DA:14,2
DA:15,1
DA:17,0
DA:20,0
DA:21,0
DA:22,0
DA:25,1
DA:27,2
DA:31,0
DA:36,1
DA:37,1
DA:38,0
DA:40,2
DA:44,0
DA:45,0
DA:46,0
DA:49,0
DA:50,0
DA:51,0
LF:20
LH:8
end_of_record
SF:lib/core/services/ai_spell_generator.dart
DA:11,0
DA:14,0
DA:20,1
DA:22,1
DA:24,3
DA:25,3
DA:32,2
DA:33,2
DA:34,1
DA:35,1
DA:36,1
DA:37,0
DA:38,0
DA:39,0
DA:40,1
DA:42,1
DA:55,3
DA:56,1
DA:57,1
DA:79,1
DA:84,2
DA:88,1
DA:89,2
DA:91,1
DA:93,3
DA:94,1
DA:96,4
DA:98,0
DA:99,0
LF:29
LH:22
end_of_record
SF:lib/core/services/ai_spell_generator.g.dart
DA:9,0
DA:14,0
DA:15,0
LF:3
LH:0
end_of_record
